#
# A fatal error has been detected by the Java Runtime Environment:
#
#  EXCEPTION_ACCESS_VIOLATION (0xc0000005) at pc=0x00007ffed8d2e0a9, pid=14636, tid=12564
#
# JRE version: OpenJDK Runtime Environment Microsoft-8035246 (17.0.8+7) (build 17.0.8+7-LTS)
# Java VM: OpenJDK 64-Bit Server VM Microsoft-8035246 (17.0.8+7-LTS, mixed mode, sharing, tiered, compressed oops, compressed class ptrs, g1 gc, windows-amd64)
# Problematic frame:
# V  [jvm.dll+0x2be0a9]
#
# No core dump will be written. Minidumps are not enabled by default on client versions of Windows
#
# If you would like to submit a bug report, please visit:
#   https://github.com/microsoft/openjdk/issues
#

---------------  S U M M A R Y ------------

Command Line: -XX:MaxMetaspaceSize=512m --add-opens=java.base/java.util=ALL-UNNAMED --add-opens=java.base/java.lang=ALL-UNNAMED --add-opens=java.base/java.lang.invoke=ALL-UNNAMED --add-opens=java.prefs/java.util.prefs=ALL-UNNAMED --add-opens=java.base/java.nio.charset=ALL-UNNAMED --add-opens=java.base/java.net=ALL-UNNAMED --add-opens=java.base/java.util.concurrent.atomic=ALL-UNNAMED -Xmx2048m -Dfile.encoding=windows-1252 -Duser.country=US -Duser.language=en -Duser.variant -javaagent:C:\Users\manel\.gradle\wrapper\dists\gradle-8.3-all\6en3ugtfdg5xnpx44z4qbwgas\gradle-8.3\lib\agents\gradle-instrumentation-agent-8.3.jar org.gradle.launcher.daemon.bootstrap.GradleDaemon 8.3

Host: Intel(R) Core(TM) i7-7500U CPU @ 2.70GHz, 4 cores, 15G,  Windows 11 , 64 bit Build 22621 (10.0.22621.3672)
Time: Sun Jul  7 09:40:50 2024 W. Central Africa Standard Time elapsed time: 195.339235 seconds (0d 0h 3m 15s)

---------------  T H R E A D  ---------------

Current thread (0x000002539c33a060):  JavaThread "C2 CompilerThread1" daemon [_thread_in_native, id=12564, stack(0x0000006f9e800000,0x0000006f9e900000)]


Current CompileTask:
C2: 195339 16288   !   4       org.gradle.cache.internal.DefaultMultiProcessSafeIndexedCache::getIfPresent (25 bytes)

Stack: [0x0000006f9e800000,0x0000006f9e900000],  sp=0x0000006f9e8fb670,  free space=1005k
Native frames: (J=compiled Java code, j=interpreted, Vv=VM code, C=native code)
V  [jvm.dll+0x2be0a9]
V  [jvm.dll+0x21ba8b]
V  [jvm.dll+0x21944b]
V  [jvm.dll+0x1a56b6]
V  [jvm.dll+0x2291ea]
V  [jvm.dll+0x22724c]
V  [jvm.dll+0x7efd0c]
V  [jvm.dll+0x7ea13a]
V  [jvm.dll+0x67ad85]
C  [ucrtbase.dll+0x29333]
C  [KERNEL32.DLL+0x1257d]
C  [ntdll.dll+0x5af28]


siginfo: EXCEPTION_ACCESS_VIOLATION (0xc0000005), reading address 0x0000000000000028


Register to memory mapping:

RIP=0x00007ffed8d2e0a9 jvm.dll
RAX=0x000002539c3f7a80 points into unknown readable memory: 0x0000000000000000 | 00 00 00 00 00 00 00 00
RBX=0x00000000000017d6 is an unknown value
RCX=0x0 is NULL
RDX=0x0 is NULL
RSP=0x0000006f9e8fb670 is pointing into the stack for thread: 0x000002539c33a060
RBP=0x0000006f9e8fb6e0 is pointing into the stack for thread: 0x000002539c33a060
RSI=0x0 is NULL
RDI=0x0000000000000048 is an unknown value
R8 =0x000000000000ffe0 is an unknown value
R9 =0x0 is NULL
R10=0x00007fff167a0000 VCRUNTIME140.dll
R11=0x000002539c3f7aa0 points into unknown readable memory: 0x0000000000000000 | 00 00 00 00 00 00 00 00
R12=0x0000000000000050 is an unknown value
R13=0x0 is NULL
R14=0x0 is NULL
R15=0x0000006f9e8fe890 is pointing into the stack for thread: 0x000002539c33a060


Registers:
RAX=0x000002539c3f7a80, RBX=0x00000000000017d6, RCX=0x0000000000000000, RDX=0x0000000000000000
RSP=0x0000006f9e8fb670, RBP=0x0000006f9e8fb6e0, RSI=0x0000000000000000, RDI=0x0000000000000048
R8 =0x000000000000ffe0, R9 =0x0000000000000000, R10=0x00007fff167a0000, R11=0x000002539c3f7aa0
R12=0x0000000000000050, R13=0x0000000000000000, R14=0x0000000000000000, R15=0x0000006f9e8fe890
RIP=0x00007ffed8d2e0a9, EFLAGS=0x0000000000010202

Top of Stack: (sp=0x0000006f9e8fb670)
0x0000006f9e8fb670:   00000000000017d6 0000000000000000
0x0000006f9e8fb680:   0000006f9e8fe890 00007ffed8c938d1
0x0000006f9e8fb690:   00000253a2692060 00007ffe00002000
0x0000006f9e8fb6a0:   000002539c3f7a80 0000025300000000
0x0000006f9e8fb6b0:   0000025300000002 000002539c07a5e0
0x0000006f9e8fb6c0:   0000000000000002 00000253a2692060
0x0000006f9e8fb6d0:   0000000000000000 0000000000000000
0x0000006f9e8fb6e0:   00000253a3553d40 00000253d77593b0
0x0000006f9e8fb6f0:   0000000000000048 00007ffed93b4c08
0x0000006f9e8fb700:   0000006f9e8fb810 00007ffed8c8ba8b
0x0000006f9e8fb710:   0000006f9e8fe890 00007ffed93b4c08
0x0000006f9e8fb720:   0000006f9e8fe890 0000006f9e8fb810
0x0000006f9e8fb730:   0000025300000000 00007ffed908b7fb
0x0000006f9e8fb740:   0000006f0000000f 0000006f9e8fe890
0x0000006f9e8fb750:   0000006f9e8fb8c0 0000000000000000
0x0000006f9e8fb760:   0000025300000100 00007ffed93b4c08 

Instructions: (pc=0x00007ffed8d2e0a9)
0x00007ffed8d2dfa9:   3b d0 75 0b ff c1 41 3b c9 7c dc 48 8b c2 c3 33
0x00007ffed8d2dfb9:   c0 c3 cc cc cc cc cc 48 89 5c 24 18 55 56 57 41
0x00007ffed8d2dfc9:   55 41 57 48 8b ec 48 83 ec 70 65 48 8b 04 25 58
0x00007ffed8d2dfd9:   00 00 00 48 8b f2 44 8b 05 d2 8b 90 00 4c 8b f9
0x00007ffed8d2dfe9:   4a 8b 1c c0 b8 50 00 00 00 80 3c 18 00 75 05 e8
0x00007ffed8d2dff9:   8b 6f 5d 00 b8 20 00 00 00 48 8b 04 18 48 8b 98
0x00007ffed8d2e009:   38 02 00 00 48 89 5d b0 c7 45 b8 04 00 00 00 48
0x00007ffed8d2e019:   8b 43 18 48 83 f8 df 76 18 4c 8d 05 37 a9 65 00
0x00007ffed8d2e029:   ba 20 00 00 00 48 8b cb e8 5a eb de ff 48 8b 43
0x00007ffed8d2e039:   18 48 8d 48 20 48 3b 4b 20 76 11 45 33 c0 48 8b
0x00007ffed8d2e049:   cb 41 8d 50 20 e8 fd e8 de ff eb 04 48 89 4b 18
0x00007ffed8d2e059:   44 8b 45 b8 33 d2 49 c1 e0 03 48 8b c8 48 89 45
0x00007ffed8d2e069:   c0 e8 e3 80 5d 00 45 33 ed 48 8d 4d d0 44 89 6d
0x00007ffed8d2e079:   c8 e8 01 59 56 00 41 8b 9f 40 02 00 00 41 2b 9f
0x00007ffed8d2e089:   68 02 00 00 44 89 6d f0 3b 5d b8 72 0b 8b d3 48
0x00007ffed8d2e099:   8d 4d b0 e8 6f b3 39 00 48 8b 45 c0 4c 89 2c d8
0x00007ffed8d2e0a9:   8b 7e 28 8b df c1 eb 05 3b 5d d0 72 0b 8b d3 48
0x00007ffed8d2e0b9:   8d 4d d0 e8 1f 59 56 00 48 8b 45 d8 83 e7 1f 48
0x00007ffed8d2e0c9:   8d 14 98 40 0f b6 cf 41 b8 01 00 00 00 41 d3 e0
0x00007ffed8d2e0d9:   8b 0a 8b c1 41 0b c0 89 02 41 85 c8 75 21 8b 5d
0x00007ffed8d2e0e9:   c8 8d 43 01 89 45 c8 3b 5d b8 72 0b 8b d3 48 8d
0x00007ffed8d2e0f9:   4d b0 e8 10 b3 39 00 48 8b 45 c0 48 89 34 d8 44
0x00007ffed8d2e109:   39 6d c8 0f 86 77 01 00 00 4c 89 a4 24 a0 00 00
0x00007ffed8d2e119:   00 4c 89 b4 24 a8 00 00 00 48 8b 45 c0 41 8b cd
0x00007ffed8d2e129:   48 8b 34 c8 8b 46 2c 25 ff 1f 00 00 3d 04 10 00
0x00007ffed8d2e139:   00 0f 85 a7 00 00 00 bb 01 00 00 00 39 5e 18 76
0x00007ffed8d2e149:   39 66 0f 1f 44 00 00 48 8b 46 08 8b cb 48 8b 14
0x00007ffed8d2e159:   c8 48 85 d2 74 1d 48 83 7a 10 00 74 16 80 7a 2c
0x00007ffed8d2e169:   84 74 10 e8 7f 7e ee ff 48 8b d0 49 8b cf e8 a4
0x00007ffed8d2e179:   61 f6 ff ff c3 3b 5e 18 72 cd 48 8b 5e 10 8b 46
0x00007ffed8d2e189:   20 4c 8d 34 c3 49 3b de 73 54 48 8b 3b 8b 47 2c
0x00007ffed8d2e199:   83 e0 03 3c 03 75 2e 48 8b 07 48 8b cf ff 90 88 


Stack slot to memory mapping:
stack at sp + 0 slots: 0x00000000000017d6 is an unknown value
stack at sp + 1 slots: 0x0 is NULL
stack at sp + 2 slots: 0x0000006f9e8fe890 is pointing into the stack for thread: 0x000002539c33a060
stack at sp + 3 slots: 0x00007ffed8c938d1 jvm.dll
stack at sp + 4 slots: 0x00000253a2692060 points into unknown readable memory: 0x0000000100000006 | 06 00 00 00 01 00 00 00
stack at sp + 5 slots: 0x00007ffe00002000 is an unknown value
stack at sp + 6 slots: 0x000002539c3f7a80 points into unknown readable memory: 0x0000000000000000 | 00 00 00 00 00 00 00 00
stack at sp + 7 slots: 0x0000025300000000 is an unknown value


---------------  P R O C E S S  ---------------

Threads class SMR info:
_java_thread_list=0x000002539b92eba0, length=94, elements={
0x00000253d77423a0, 0x00000253f72aa430, 0x00000253f72ab8c0, 0x00000253f72bc1e0,
0x00000253f72bcda0, 0x00000253f72bf870, 0x00000253f72c2240, 0x00000253f72c2fe0,
0x00000253f72c3a90, 0x00000253f7430d00, 0x00000253f74ca160, 0x00000253f75e0d70,
0x00000253fca6ac60, 0x00000253fd000de0, 0x00000253fd54e980, 0x00000253fcd80ee0,
0x00000253fd35b6f0, 0x00000253fdbefcf0, 0x00000253fce42ff0, 0x00000253fd5c1a80,
0x00000253fd5c1060, 0x00000253fd5c3df0, 0x00000253fd5c1f90, 0x00000253fd5c24a0,
0x00000253fd5c38e0, 0x00000253fd5c29b0, 0x00000253fd5c2ec0, 0x00000253fd5c33d0,
0x00000253fd5c4300, 0x00000253fd5c4810, 0x00000253febebec0, 0x00000253febe9b50,
0x00000253febe63a0, 0x00000253febe8200, 0x00000253febe68b0, 0x00000253febe72d0,
0x00000253febe77e0, 0x00000253febe8c20, 0x00000253febec3d0, 0x00000253febe9640,
0x00000253febea060, 0x00000253febea570, 0x00000253febec8e0, 0x00000253febeaa80,
0x00000253febedd20, 0x00000253febeaf90, 0x00000253febecdf0, 0x00000253febed300,
0x000002539bd4b9d0, 0x000002539bd51f10, 0x000002539bd4e250, 0x000002539bd4fba0,
0x000002539bd4e760, 0x000002539bd4ec70, 0x000002539bd50ad0, 0x000002539bd500b0,
0x000002539bd505c0, 0x000002539bd52420, 0x000002539bd50fe0, 0x000002539bd4c900,
0x000002539bd4ce10, 0x000002539bd4bee0, 0x000002539bd4d320, 0x000002539bd4afb0,
0x000002539bc11fc0, 0x000002539bc10b80, 0x000002539bc0ed20, 0x000002539bc0cec0,
0x000002539bc0b570, 0x000002539bc0ddf0, 0x000002539bc0c4a0, 0x000002539bc115a0,
0x000002539bc11090, 0x000002539bc11ab0, 0x000002539bc0c9b0, 0x000002539bc0bf90,
0x000002539bc0d8e0, 0x00000253fd5c1570, 0x00000253a160b350, 0x00000253a160b860,
0x00000253a16080b0, 0x00000253a160a930, 0x00000253a160bd70, 0x00000253a1606760,
0x00000253a160c280, 0x00000253a160ae40, 0x00000253a160c790, 0x000002539c33a060,
0x00000253a160a420, 0x00000253a1605320, 0x00000253a160cca0, 0x00000253a1605830,
0x00000253a1605d40, 0x00000253a1608fe0
}

Java Threads: ( => current thread )
  0x00000253d77423a0 JavaThread "main" [_thread_blocked, id=11804, stack(0x0000006f98600000,0x0000006f98700000)]
  0x00000253f72aa430 JavaThread "Reference Handler" daemon [_thread_blocked, id=8052, stack(0x0000006f98d00000,0x0000006f98e00000)]
  0x00000253f72ab8c0 JavaThread "Finalizer" daemon [_thread_blocked, id=16264, stack(0x0000006f98e00000,0x0000006f98f00000)]
  0x00000253f72bc1e0 JavaThread "Signal Dispatcher" daemon [_thread_blocked, id=16868, stack(0x0000006f98f00000,0x0000006f99000000)]
  0x00000253f72bcda0 JavaThread "Attach Listener" daemon [_thread_blocked, id=15680, stack(0x0000006f99000000,0x0000006f99100000)]
  0x00000253f72bf870 JavaThread "Service Thread" daemon [_thread_blocked, id=15132, stack(0x0000006f99100000,0x0000006f99200000)]
  0x00000253f72c2240 JavaThread "Monitor Deflation Thread" daemon [_thread_blocked, id=9868, stack(0x0000006f99200000,0x0000006f99300000)]
  0x00000253f72c2fe0 JavaThread "C2 CompilerThread0" daemon [_thread_blocked, id=10004, stack(0x0000006f99300000,0x0000006f99400000)]
  0x00000253f72c3a90 JavaThread "C1 CompilerThread0" daemon [_thread_blocked, id=14864, stack(0x0000006f99400000,0x0000006f99500000)]
  0x00000253f7430d00 JavaThread "Sweeper thread" daemon [_thread_in_vm, id=2748, stack(0x0000006f99500000,0x0000006f99600000)]
  0x00000253f74ca160 JavaThread "Common-Cleaner" daemon [_thread_blocked, id=16464, stack(0x0000006f99600000,0x0000006f99700000)]
  0x00000253f75e0d70 JavaThread "Notification Thread" daemon [_thread_blocked, id=17312, stack(0x0000006f99700000,0x0000006f99800000)]
  0x00000253fca6ac60 JavaThread "Daemon health stats" [_thread_blocked, id=17244, stack(0x0000006f99d00000,0x0000006f99e00000)]
  0x00000253fd000de0 JavaThread "Incoming local TCP Connector on port 51625" [_thread_in_native, id=592, stack(0x0000006f99900000,0x0000006f99a00000)]
  0x00000253fd54e980 JavaThread "Daemon periodic checks" [_thread_blocked, id=17064, stack(0x0000006f99e00000,0x0000006f99f00000)]
  0x00000253fcd80ee0 JavaThread "Daemon" [_thread_blocked, id=16860, stack(0x0000006f99f00000,0x0000006f9a000000)]
  0x00000253fd35b6f0 JavaThread "Handler for socket connection from /127.0.0.1:51625 to /127.0.0.1:51626" [_thread_in_native, id=11848, stack(0x0000006f9a000000,0x0000006f9a100000)]
  0x00000253fdbefcf0 JavaThread "Cancel handler" [_thread_blocked, id=11212, stack(0x0000006f9a100000,0x0000006f9a200000)]
  0x00000253fce42ff0 JavaThread "Daemon worker" [_thread_blocked, id=15432, stack(0x0000006f9a200000,0x0000006f9a300000)]
  0x00000253fd5c1a80 JavaThread "Asynchronous log dispatcher for DefaultDaemonConnection: socket connection from /127.0.0.1:51625 to /127.0.0.1:51626" [_thread_blocked, id=11216, stack(0x0000006f9a300000,0x0000006f9a400000)]
  0x00000253fd5c1060 JavaThread "Stdin handler" [_thread_blocked, id=16880, stack(0x0000006f9a400000,0x0000006f9a500000)]
  0x00000253fd5c3df0 JavaThread "Daemon client event forwarder" [_thread_blocked, id=13380, stack(0x0000006f9a500000,0x0000006f9a600000)]
  0x00000253fd5c1f90 JavaThread "Cache worker for journal cache (C:\Users\manel\.gradle\caches\journal-1)" [_thread_blocked, id=16104, stack(0x0000006f9a600000,0x0000006f9a700000)]
  0x00000253fd5c24a0 JavaThread "File lock request listener" [_thread_in_native, id=2408, stack(0x0000006f9a700000,0x0000006f9a800000)]
  0x00000253fd5c38e0 JavaThread "Cache worker for file hash cache (C:\Users\manel\.gradle\caches\8.3\fileHashes)" [_thread_in_vm, id=1228, stack(0x0000006f9a800000,0x0000006f9a900000)]
  0x00000253fd5c29b0 JavaThread "File watcher server" daemon [_thread_in_native, id=12988, stack(0x0000006f9a900000,0x0000006f9aa00000)]
  0x00000253fd5c2ec0 JavaThread "File watcher consumer" daemon [_thread_blocked, id=14032, stack(0x0000006f9aa00000,0x0000006f9ab00000)]
  0x00000253fd5c33d0 JavaThread "Cache worker for checksums cache (C:\Users\manel\androidApp\BusTracking\android\.gradle\8.3\checksums)" [_thread_blocked, id=14936, stack(0x0000006f9ab00000,0x0000006f9ac00000)]
  0x00000253fd5c4300 JavaThread "Cache worker for file hash cache (C:\Users\manel\androidApp\BusTracking\android\.gradle\8.3\fileHashes)" [_thread_blocked, id=5152, stack(0x0000006f9ac00000,0x0000006f9ad00000)]
  0x00000253fd5c4810 JavaThread "Cache worker for cache directory md-supplier (C:\Users\manel\.gradle\caches\8.3\md-supplier)" [_thread_blocked, id=15760, stack(0x0000006f9ad00000,0x0000006f9ae00000)]
  0x00000253febebec0 JavaThread "Cache worker for file content cache (C:\Users\manel\.gradle\caches\8.3\fileContent)" [_thread_blocked, id=10796, stack(0x0000006f9ae00000,0x0000006f9af00000)]
  0x00000253febe9b50 JavaThread "Cache worker for cache directory md-rule (C:\Users\manel\.gradle\caches\8.3\md-rule)" [_thread_blocked, id=13800, stack(0x0000006f9af00000,0x0000006f9b000000)]
  0x00000253febe63a0 JavaThread "Cache worker for execution history cache (C:\Users\manel\.gradle\caches\8.3\executionHistory)" [_thread_blocked, id=12984, stack(0x0000006f9b000000,0x0000006f9b100000)]
  0x00000253febe8200 JavaThread "jar transforms" [_thread_blocked, id=14412, stack(0x0000006f9b200000,0x0000006f9b300000)]
  0x00000253febe68b0 JavaThread "jar transforms Thread 2" [_thread_blocked, id=9860, stack(0x0000006f9b300000,0x0000006f9b400000)]
  0x00000253febe72d0 JavaThread "jar transforms Thread 3" [_thread_blocked, id=13572, stack(0x0000006f9b400000,0x0000006f9b500000)]
  0x00000253febe77e0 JavaThread "jar transforms Thread 4" [_thread_blocked, id=3948, stack(0x0000006f9b500000,0x0000006f9b600000)]
  0x00000253febe8c20 JavaThread "Cache worker for kotlin-dsl (C:\Users\manel\.gradle\caches\8.3\kotlin-dsl)" [_thread_blocked, id=12320, stack(0x0000006f9b900000,0x0000006f9ba00000)]
  0x00000253febec3d0 JavaThread "Unconstrained build operations" [_thread_blocked, id=14664, stack(0x0000006f9ba00000,0x0000006f9bb00000)]
  0x00000253febe9640 JavaThread "Unconstrained build operations Thread 2" [_thread_blocked, id=9628, stack(0x0000006f9bb00000,0x0000006f9bc00000)]
  0x00000253febea060 JavaThread "Cache worker for dependencies-accessors (C:\Users\manel\androidApp\BusTracking\android\.gradle\8.3\dependencies-accessors)" [_thread_blocked, id=10652, stack(0x0000006f9bd00000,0x0000006f9be00000)]
  0x00000253febea570 JavaThread "Cache worker for Build Output Cleanup Cache (C:\Users\manel\androidApp\BusTracking\node_modules\@react-native\gradle-plugin\.gradle\buildOutputCleanup)" [_thread_blocked, id=8236, stack(0x0000006f9bc00000,0x0000006f9bd00000)]
  0x00000253febec8e0 JavaThread "Unconstrained build operations Thread 3" [_thread_blocked, id=17400, stack(0x0000006f9be00000,0x0000006f9bf00000)]
  0x00000253febeaa80 JavaThread "Unconstrained build operations Thread 4" [_thread_blocked, id=16632, stack(0x0000006f9bf00000,0x0000006f9c000000)]
  0x00000253febedd20 JavaThread "Unconstrained build operations Thread 5" [_thread_blocked, id=14736, stack(0x0000006f9c000000,0x0000006f9c100000)]
  0x00000253febeaf90 JavaThread "Memory manager" [_thread_blocked, id=12524, stack(0x0000006f9c100000,0x0000006f9c200000)]
  0x00000253febecdf0 JavaThread "Cache worker for Build Output Cleanup Cache (C:\Users\manel\androidApp\BusTracking\android\.gradle\buildOutputCleanup)" [_thread_blocked, id=10224, stack(0x0000006f98400000,0x0000006f98500000)]
  0x00000253febed300 JavaThread "ForkJoinPool.commonPool-worker-1" daemon [_thread_blocked, id=9240, stack(0x0000006f9c200000,0x0000006f9c300000)]
  0x000002539bd4b9d0 JavaThread "ForkJoinPool.commonPool-worker-3" daemon [_thread_blocked, id=1616, stack(0x0000006f9c400000,0x0000006f9c500000)]
  0x000002539bd51f10 JavaThread "Execution worker" [_thread_blocked, id=12260, stack(0x0000006f9c800000,0x0000006f9c900000)]
  0x000002539bd4e250 JavaThread "Execution worker Thread 2" [_thread_blocked, id=11152, stack(0x0000006f9c900000,0x0000006f9ca00000)]
  0x000002539bd4fba0 JavaThread "Execution worker Thread 3" [_thread_blocked, id=12024, stack(0x0000006f9ca00000,0x0000006f9cb00000)]
  0x000002539bd4e760 JavaThread "Cache worker for execution history cache (C:\Users\manel\androidApp\BusTracking\node_modules\@react-native\gradle-plugin\.gradle\8.3\executionHistory)" [_thread_blocked, id=4916, stack(0x0000006f9cb00000,0x0000006f9cc00000)]
  0x000002539bd4ec70 JavaThread "Unconstrained build operations Thread 6" [_thread_blocked, id=9636, stack(0x0000006f9cc00000,0x0000006f9cd00000)]
  0x000002539bd50ad0 JavaThread "Unconstrained build operations Thread 7" [_thread_blocked, id=5784, stack(0x0000006f9cd00000,0x0000006f9ce00000)]
  0x000002539bd500b0 JavaThread "Unconstrained build operations Thread 8" [_thread_blocked, id=13332, stack(0x0000006f9ce00000,0x0000006f9cf00000)]
  0x000002539bd505c0 JavaThread "Unconstrained build operations Thread 9" [_thread_blocked, id=15236, stack(0x0000006f9cf00000,0x0000006f9d000000)]
  0x000002539bd52420 JavaThread "Unconstrained build operations Thread 10" [_thread_blocked, id=10772, stack(0x0000006f9d000000,0x0000006f9d100000)]
  0x000002539bd50fe0 JavaThread "Unconstrained build operations Thread 11" [_thread_blocked, id=16712, stack(0x0000006f9d100000,0x0000006f9d200000)]
  0x000002539bd4c900 JavaThread "Unconstrained build operations Thread 12" [_thread_blocked, id=15512, stack(0x0000006f9d200000,0x0000006f9d300000)]
  0x000002539bd4ce10 JavaThread "Unconstrained build operations Thread 13" [_thread_blocked, id=652, stack(0x0000006f9d300000,0x0000006f9d400000)]
  0x000002539bd4bee0 JavaThread "Unconstrained build operations Thread 14" [_thread_blocked, id=4532, stack(0x0000006f98500000,0x0000006f98600000)]
  0x000002539bd4d320 JavaThread "Unconstrained build operations Thread 15" [_thread_blocked, id=11116, stack(0x0000006f9c300000,0x0000006f9c400000)]
  0x000002539bd4afb0 JavaThread "Unconstrained build operations Thread 16" [_thread_blocked, id=17340, stack(0x0000006f9c500000,0x0000006f9c600000)]
  0x000002539bc11fc0 JavaThread "Unconstrained build operations Thread 17" [_thread_blocked, id=6368, stack(0x0000006f9b700000,0x0000006f9b800000)]
  0x000002539bc10b80 JavaThread "Unconstrained build operations Thread 18" [_thread_blocked, id=15084, stack(0x0000006f9c600000,0x0000006f9c700000)]
  0x000002539bc0ed20 JavaThread "Unconstrained build operations Thread 19" [_thread_blocked, id=16416, stack(0x0000006f9c700000,0x0000006f9c800000)]
  0x000002539bc0cec0 JavaThread "Unconstrained build operations Thread 20" [_thread_blocked, id=17104, stack(0x0000006f9d400000,0x0000006f9d500000)]
  0x000002539bc0b570 JavaThread "Unconstrained build operations Thread 21" [_thread_blocked, id=3104, stack(0x0000006f9d500000,0x0000006f9d600000)]
  0x000002539bc0ddf0 JavaThread "Unconstrained build operations Thread 22" [_thread_blocked, id=15436, stack(0x0000006f9d600000,0x0000006f9d700000)]
  0x000002539bc0c4a0 JavaThread "Unconstrained build operations Thread 23" [_thread_blocked, id=15932, stack(0x0000006f9d700000,0x0000006f9d800000)]
  0x000002539bc115a0 JavaThread "ForkJoinPool.commonPool-worker-4" daemon [_thread_blocked, id=8100, stack(0x0000006f9d800000,0x0000006f9d900000)]
  0x000002539bc11090 JavaThread "pool-3-thread-1" [_thread_blocked, id=1948, stack(0x0000006f9d900000,0x0000006f9da00000)]
  0x000002539bc11ab0 JavaThread "build event listener" [_thread_blocked, id=9164, stack(0x0000006f9da00000,0x0000006f9db00000)]
  0x000002539bc0c9b0 JavaThread "included builds Thread 2" [_thread_blocked, id=11784, stack(0x0000006f9db00000,0x0000006f9dc00000)]
  0x000002539bc0bf90 JavaThread "Unconstrained build operations Thread 24" [_thread_blocked, id=10684, stack(0x0000006f9dd00000,0x0000006f9de00000)]
  0x000002539bc0d8e0 JavaThread "Unconstrained build operations Thread 25" [_thread_blocked, id=16076, stack(0x0000006f9de00000,0x0000006f9df00000)]
  0x00000253fd5c1570 JavaThread "Unconstrained build operations Thread 26" [_thread_blocked, id=16308, stack(0x0000006f9df00000,0x0000006f9e000000)]
  0x00000253a160b350 JavaThread "Unconstrained build operations Thread 27" [_thread_blocked, id=6316, stack(0x0000006f9dc00000,0x0000006f9dd00000)]
  0x00000253a160b860 JavaThread "Unconstrained build operations Thread 28" [_thread_blocked, id=3576, stack(0x0000006f9e000000,0x0000006f9e100000)]
  0x00000253a16080b0 JavaThread "Unconstrained build operations Thread 29" [_thread_blocked, id=15376, stack(0x0000006f9e100000,0x0000006f9e200000)]
  0x00000253a160a930 JavaThread "Unconstrained build operations Thread 30" [_thread_blocked, id=2024, stack(0x0000006f9e200000,0x0000006f9e300000)]
  0x00000253a160bd70 JavaThread "Unconstrained build operations Thread 31" [_thread_blocked, id=13856, stack(0x0000006f9e300000,0x0000006f9e400000)]
  0x00000253a1606760 JavaThread "Unconstrained build operations Thread 32" [_thread_blocked, id=13896, stack(0x0000006f9e400000,0x0000006f9e500000)]
  0x00000253a160c280 JavaThread "Unconstrained build operations Thread 33" [_thread_blocked, id=4456, stack(0x0000006f9e500000,0x0000006f9e600000)]
  0x00000253a160ae40 JavaThread "Unconstrained build operations Thread 34" [_thread_blocked, id=16284, stack(0x0000006f9e600000,0x0000006f9e700000)]
  0x00000253a160c790 JavaThread "Unconstrained build operations Thread 35" [_thread_blocked, id=16472, stack(0x0000006f9e700000,0x0000006f9e800000)]
=>0x000002539c33a060 JavaThread "C2 CompilerThread1" daemon [_thread_in_native, id=12564, stack(0x0000006f9e800000,0x0000006f9e900000)]
  0x00000253a160a420 JavaThread "Unconstrained build operations Thread 36" [_thread_blocked, id=4148, stack(0x0000006f9e900000,0x0000006f9ea00000)]
  0x00000253a1605320 JavaThread "Unconstrained build operations Thread 37" [_thread_blocked, id=3516, stack(0x0000006f9ea00000,0x0000006f9eb00000)]
  0x00000253a160cca0 JavaThread "Unconstrained build operations Thread 38" [_thread_blocked, id=12916, stack(0x0000006f9eb00000,0x0000006f9ec00000)]
  0x00000253a1605830 JavaThread "Unconstrained build operations Thread 39" [_thread_blocked, id=4560, stack(0x0000006f9ec00000,0x0000006f9ed00000)]
  0x00000253a1605d40 JavaThread "Unconstrained build operations Thread 40" [_thread_blocked, id=10092, stack(0x0000006f9ed00000,0x0000006f9ee00000)]
  0x00000253a1608fe0 JavaThread "Cache worker for execution history cache (C:\Users\manel\androidApp\BusTracking\android\.gradle\8.3\executionHistory)" [_thread_blocked, id=8180, stack(0x0000006f9ee00000,0x0000006f9ef00000)]

Other Threads:
  0x00000253f72a4c60 VMThread "VM Thread" [stack: 0x0000006f98c00000,0x0000006f98d00000] [id=14624]
  0x00000253d7743130 WatcherThread [stack: 0x0000006f99800000,0x0000006f99900000] [id=2372]
  0x00000253d779b480 GCTaskThread "GC Thread#0" [stack: 0x0000006f98700000,0x0000006f98800000] [id=2268]
  0x00000253f78c92d0 GCTaskThread "GC Thread#1" [stack: 0x0000006f99a00000,0x0000006f99b00000] [id=6984]
  0x00000253f78c9590 GCTaskThread "GC Thread#2" [stack: 0x0000006f99b00000,0x0000006f99c00000] [id=15812]
  0x00000253f78c9850 GCTaskThread "GC Thread#3" [stack: 0x0000006f99c00000,0x0000006f99d00000] [id=16756]
  0x00000253d77ac3d0 ConcurrentGCThread "G1 Main Marker" [stack: 0x0000006f98800000,0x0000006f98900000] [id=6800]
  0x00000253d77ad580 ConcurrentGCThread "G1 Conc#0" [stack: 0x0000006f98900000,0x0000006f98a00000] [id=2364]
  0x00000253d77ee9d0 ConcurrentGCThread "G1 Refine#0" [stack: 0x0000006f98a00000,0x0000006f98b00000] [id=2616]
  0x00000253fd9596e0 ConcurrentGCThread "G1 Refine#1" [stack: 0x0000006f9b100000,0x0000006f9b200000] [id=2820]
  0x00000253f715a700 ConcurrentGCThread "G1 Service" [stack: 0x0000006f98b00000,0x0000006f98c00000] [id=14604]

Threads with active compile tasks:
C2 CompilerThread1   195551 16288   !   4       org.gradle.cache.internal.DefaultMultiProcessSafeIndexedCache::getIfPresent (25 bytes)

VM state: not at safepoint (normal execution)

VM Mutex/Monitor currently owned by a thread: None

Heap address: 0x0000000080000000, size: 2048 MB, Compressed Oops mode: 32-bit

CDS archive(s) mapped at: [0x0000025380000000-0x0000025380bd0000-0x0000025380bd0000), size 12386304, SharedBaseAddress: 0x0000025380000000, ArchiveRelocationMode: 1.
Compressed class space mapped at: 0x0000025381000000-0x000002539b000000, reserved size: 436207616
Narrow klass base: 0x0000025380000000, Narrow klass shift: 0, Narrow klass range: 0x100000000

GC Precious Log:
 CPUs: 4 total, 4 available
 Memory: 16299M
 Large Page Support: Disabled
 NUMA Support: Disabled
 Compressed Oops: Enabled (32-bit)
 Heap Region Size: 1M
 Heap Min Capacity: 8M
 Heap Initial Capacity: 256M
 Heap Max Capacity: 2G
 Pre-touch: Disabled
 Parallel Workers: 4
 Concurrent Workers: 1
 Concurrent Refinement Workers: 4
 Periodic GC: Disabled

Heap:
 garbage-first heap   total 220160K, used 195869K [0x0000000080000000, 0x0000000100000000)
  region size 1024K, 6 young (6144K), 2 survivors (2048K)
 Metaspace       used 111828K, committed 112896K, reserved 557056K
  class space    used 15372K, committed 15872K, reserved 425984K

Heap Regions: E=young(eden), S=young(survivor), O=old, HS=humongous(starts), HC=humongous(continues), CS=collection set, F=free, OA=open archive, CA=closed archive, TAMS=top-at-mark-start (previous, next)
|   0|0x0000000080000000, 0x0000000080100000, 0x0000000080100000|100%| O|  |TAMS 0x0000000080100000, 0x0000000080100000| Untracked 
|   1|0x0000000080100000, 0x0000000080200000, 0x0000000080200000|100%| O|  |TAMS 0x0000000080200000, 0x0000000080200000| Untracked 
|   2|0x0000000080200000, 0x0000000080300000, 0x0000000080300000|100%|HS|  |TAMS 0x0000000080300000, 0x0000000080300000| Complete 
|   3|0x0000000080300000, 0x0000000080400000, 0x0000000080400000|100%|HC|  |TAMS 0x0000000080400000, 0x0000000080400000| Complete 
|   4|0x0000000080400000, 0x0000000080500000, 0x0000000080500000|100%|HC|  |TAMS 0x0000000080500000, 0x0000000080500000| Complete 
|   5|0x0000000080500000, 0x0000000080600000, 0x0000000080600000|100%|HC|  |TAMS 0x0000000080600000, 0x0000000080600000| Complete 
|   6|0x0000000080600000, 0x0000000080700000, 0x0000000080700000|100%| O|  |TAMS 0x0000000080700000, 0x0000000080700000| Untracked 
|   7|0x0000000080700000, 0x0000000080800000, 0x0000000080800000|100%| O|  |TAMS 0x0000000080800000, 0x0000000080800000| Untracked 
|   8|0x0000000080800000, 0x0000000080900000, 0x0000000080900000|100%| O|  |TAMS 0x0000000080900000, 0x0000000080900000| Untracked 
|   9|0x0000000080900000, 0x0000000080a00000, 0x0000000080a00000|100%| O|  |TAMS 0x0000000080a00000, 0x0000000080a00000| Untracked 
|  10|0x0000000080a00000, 0x0000000080b00000, 0x0000000080b00000|100%| O|  |TAMS 0x0000000080b00000, 0x0000000080b00000| Untracked 
|  11|0x0000000080b00000, 0x0000000080c00000, 0x0000000080c00000|100%| O|  |TAMS 0x0000000080c00000, 0x0000000080c00000| Untracked 
|  12|0x0000000080c00000, 0x0000000080d00000, 0x0000000080d00000|100%| O|  |TAMS 0x0000000080d00000, 0x0000000080d00000| Untracked 
|  13|0x0000000080d00000, 0x0000000080e00000, 0x0000000080e00000|100%| O|  |TAMS 0x0000000080e00000, 0x0000000080e00000| Untracked 
|  14|0x0000000080e00000, 0x0000000080f00000, 0x0000000080f00000|100%| O|  |TAMS 0x0000000080f00000, 0x0000000080f00000| Untracked 
|  15|0x0000000080f00000, 0x0000000081000000, 0x0000000081000000|100%| O|  |TAMS 0x0000000081000000, 0x0000000081000000| Untracked 
|  16|0x0000000081000000, 0x0000000081100000, 0x0000000081100000|100%| O|  |TAMS 0x0000000081100000, 0x0000000081100000| Untracked 
|  17|0x0000000081100000, 0x0000000081200000, 0x0000000081200000|100%| O|  |TAMS 0x0000000081200000, 0x0000000081200000| Untracked 
|  18|0x0000000081200000, 0x0000000081300000, 0x0000000081300000|100%| O|  |TAMS 0x0000000081300000, 0x0000000081300000| Untracked 
|  19|0x0000000081300000, 0x0000000081400000, 0x0000000081400000|100%| O|  |TAMS 0x0000000081400000, 0x0000000081400000| Untracked 
|  20|0x0000000081400000, 0x0000000081500000, 0x0000000081500000|100%| O|  |TAMS 0x0000000081500000, 0x0000000081500000| Untracked 
|  21|0x0000000081500000, 0x0000000081600000, 0x0000000081600000|100%| O|  |TAMS 0x0000000081600000, 0x0000000081600000| Untracked 
|  22|0x0000000081600000, 0x0000000081700000, 0x0000000081700000|100%| O|  |TAMS 0x0000000081700000, 0x0000000081700000| Untracked 
|  23|0x0000000081700000, 0x0000000081800000, 0x0000000081800000|100%| O|  |TAMS 0x0000000081800000, 0x0000000081800000| Untracked 
|  24|0x0000000081800000, 0x0000000081900000, 0x0000000081900000|100%| O|  |TAMS 0x0000000081900000, 0x0000000081900000| Untracked 
|  25|0x0000000081900000, 0x0000000081a00000, 0x0000000081a00000|100%| O|  |TAMS 0x0000000081a00000, 0x0000000081a00000| Untracked 
|  26|0x0000000081a00000, 0x0000000081b00000, 0x0000000081b00000|100%| O|  |TAMS 0x0000000081b00000, 0x0000000081b00000| Untracked 
|  27|0x0000000081b00000, 0x0000000081c00000, 0x0000000081c00000|100%| O|  |TAMS 0x0000000081c00000, 0x0000000081c00000| Untracked 
|  28|0x0000000081c00000, 0x0000000081d00000, 0x0000000081d00000|100%| O|  |TAMS 0x0000000081d00000, 0x0000000081d00000| Untracked 
|  29|0x0000000081d00000, 0x0000000081e00000, 0x0000000081e00000|100%| O|  |TAMS 0x0000000081e00000, 0x0000000081e00000| Untracked 
|  30|0x0000000081e00000, 0x0000000081f00000, 0x0000000081f00000|100%| O|  |TAMS 0x0000000081f00000, 0x0000000081f00000| Untracked 
|  31|0x0000000081f00000, 0x0000000082000000, 0x0000000082000000|100%| O|  |TAMS 0x0000000082000000, 0x0000000082000000| Untracked 
|  32|0x0000000082000000, 0x0000000082100000, 0x0000000082100000|100%| O|  |TAMS 0x0000000082100000, 0x0000000082100000| Untracked 
|  33|0x0000000082100000, 0x0000000082200000, 0x0000000082200000|100%| O|  |TAMS 0x0000000082200000, 0x0000000082200000| Untracked 
|  34|0x0000000082200000, 0x0000000082300000, 0x0000000082300000|100%| O|  |TAMS 0x0000000082300000, 0x0000000082300000| Untracked 
|  35|0x0000000082300000, 0x0000000082400000, 0x0000000082400000|100%| O|  |TAMS 0x0000000082400000, 0x0000000082400000| Untracked 
|  36|0x0000000082400000, 0x0000000082500000, 0x0000000082500000|100%| O|  |TAMS 0x0000000082500000, 0x0000000082500000| Untracked 
|  37|0x0000000082500000, 0x0000000082600000, 0x0000000082600000|100%| O|  |TAMS 0x0000000082600000, 0x0000000082600000| Untracked 
|  38|0x0000000082600000, 0x0000000082700000, 0x0000000082700000|100%|HS|  |TAMS 0x0000000082700000, 0x0000000082700000| Complete 
|  39|0x0000000082700000, 0x0000000082800000, 0x0000000082800000|100%|HC|  |TAMS 0x0000000082800000, 0x0000000082800000| Complete 
|  40|0x0000000082800000, 0x0000000082900000, 0x0000000082900000|100%|HS|  |TAMS 0x0000000082900000, 0x0000000082900000| Complete 
|  41|0x0000000082900000, 0x0000000082a00000, 0x0000000082a00000|100%|HC|  |TAMS 0x0000000082a00000, 0x0000000082a00000| Complete 
|  42|0x0000000082a00000, 0x0000000082b00000, 0x0000000082b00000|100%| O|  |TAMS 0x0000000082b00000, 0x0000000082b00000| Untracked 
|  43|0x0000000082b00000, 0x0000000082c00000, 0x0000000082c00000|100%| O|  |TAMS 0x0000000082c00000, 0x0000000082c00000| Untracked 
|  44|0x0000000082c00000, 0x0000000082d00000, 0x0000000082d00000|100%|HS|  |TAMS 0x0000000082d00000, 0x0000000082d00000| Complete 
|  45|0x0000000082d00000, 0x0000000082e00000, 0x0000000082e00000|100%|HC|  |TAMS 0x0000000082e00000, 0x0000000082e00000| Complete 
|  46|0x0000000082e00000, 0x0000000082f00000, 0x0000000082f00000|100%|HC|  |TAMS 0x0000000082f00000, 0x0000000082f00000| Complete 
|  47|0x0000000082f00000, 0x0000000083000000, 0x0000000083000000|100%|HC|  |TAMS 0x0000000083000000, 0x0000000083000000| Complete 
|  48|0x0000000083000000, 0x0000000083100000, 0x0000000083100000|100%| O|  |TAMS 0x0000000083100000, 0x0000000083100000| Untracked 
|  49|0x0000000083100000, 0x0000000083200000, 0x0000000083200000|100%| O|  |TAMS 0x0000000083200000, 0x0000000083200000| Untracked 
|  50|0x0000000083200000, 0x0000000083300000, 0x0000000083300000|100%| O|  |TAMS 0x0000000083300000, 0x0000000083300000| Untracked 
|  51|0x0000000083300000, 0x0000000083400000, 0x0000000083400000|100%| O|  |TAMS 0x0000000083400000, 0x0000000083400000| Untracked 
|  52|0x0000000083400000, 0x0000000083500000, 0x0000000083500000|100%|HS|  |TAMS 0x0000000083500000, 0x0000000083500000| Complete 
|  53|0x0000000083500000, 0x0000000083600000, 0x0000000083600000|100%|HC|  |TAMS 0x0000000083600000, 0x0000000083600000| Complete 
|  54|0x0000000083600000, 0x0000000083700000, 0x0000000083700000|100%|HC|  |TAMS 0x0000000083700000, 0x0000000083700000| Complete 
|  55|0x0000000083700000, 0x0000000083800000, 0x0000000083800000|100%|HC|  |TAMS 0x0000000083800000, 0x0000000083800000| Complete 
|  56|0x0000000083800000, 0x0000000083900000, 0x0000000083900000|100%| O|  |TAMS 0x0000000083900000, 0x0000000083900000| Untracked 
|  57|0x0000000083900000, 0x0000000083a00000, 0x0000000083a00000|100%| O|  |TAMS 0x0000000083a00000, 0x0000000083a00000| Untracked 
|  58|0x0000000083a00000, 0x0000000083b00000, 0x0000000083b00000|100%| O|  |TAMS 0x0000000083b00000, 0x0000000083b00000| Untracked 
|  59|0x0000000083b00000, 0x0000000083c00000, 0x0000000083c00000|100%| O|  |TAMS 0x0000000083c00000, 0x0000000083c00000| Untracked 
|  60|0x0000000083c00000, 0x0000000083d00000, 0x0000000083d00000|100%| O|  |TAMS 0x0000000083d00000, 0x0000000083d00000| Untracked 
|  61|0x0000000083d00000, 0x0000000083e00000, 0x0000000083e00000|100%| O|  |TAMS 0x0000000083e00000, 0x0000000083e00000| Untracked 
|  62|0x0000000083e00000, 0x0000000083f00000, 0x0000000083f00000|100%| O|  |TAMS 0x0000000083f00000, 0x0000000083f00000| Untracked 
|  63|0x0000000083f00000, 0x0000000084000000, 0x0000000084000000|100%| O|  |TAMS 0x0000000084000000, 0x0000000084000000| Untracked 
|  64|0x0000000084000000, 0x0000000084100000, 0x0000000084100000|100%| O|  |TAMS 0x0000000084100000, 0x0000000084100000| Untracked 
|  65|0x0000000084100000, 0x0000000084200000, 0x0000000084200000|100%| O|  |TAMS 0x0000000084200000, 0x0000000084200000| Untracked 
|  66|0x0000000084200000, 0x0000000084300000, 0x0000000084300000|100%| O|  |TAMS 0x0000000084300000, 0x0000000084300000| Untracked 
|  67|0x0000000084300000, 0x0000000084400000, 0x0000000084400000|100%|HS|  |TAMS 0x0000000084400000, 0x0000000084400000| Complete 
|  68|0x0000000084400000, 0x0000000084500000, 0x0000000084500000|100%|HS|  |TAMS 0x0000000084500000, 0x0000000084500000| Complete 
|  69|0x0000000084500000, 0x0000000084600000, 0x0000000084600000|100%|HS|  |TAMS 0x0000000084600000, 0x0000000084600000| Complete 
|  70|0x0000000084600000, 0x0000000084700000, 0x0000000084700000|100%| O|  |TAMS 0x0000000084700000, 0x0000000084700000| Untracked 
|  71|0x0000000084700000, 0x0000000084800000, 0x0000000084800000|100%| O|  |TAMS 0x0000000084700000, 0x0000000084800000| Untracked 
|  72|0x0000000084800000, 0x0000000084900000, 0x0000000084900000|100%|HS|  |TAMS 0x0000000084900000, 0x0000000084900000| Complete 
|  73|0x0000000084900000, 0x0000000084a00000, 0x0000000084a00000|100%| O|  |TAMS 0x0000000084a00000, 0x0000000084a00000| Untracked 
|  74|0x0000000084a00000, 0x0000000084b00000, 0x0000000084b00000|100%| O|  |TAMS 0x0000000084b00000, 0x0000000084b00000| Untracked 
|  75|0x0000000084b00000, 0x0000000084c00000, 0x0000000084c00000|100%| O|  |TAMS 0x0000000084c00000, 0x0000000084c00000| Untracked 
|  76|0x0000000084c00000, 0x0000000084d00000, 0x0000000084d00000|100%| O|  |TAMS 0x0000000084d00000, 0x0000000084d00000| Untracked 
|  77|0x0000000084d00000, 0x0000000084e00000, 0x0000000084e00000|100%| O|  |TAMS 0x0000000084e00000, 0x0000000084e00000| Untracked 
|  78|0x0000000084e00000, 0x0000000084f00000, 0x0000000084f00000|100%| O|  |TAMS 0x0000000084f00000, 0x0000000084f00000| Untracked 
|  79|0x0000000084f00000, 0x0000000085000000, 0x0000000085000000|100%| O|  |TAMS 0x0000000085000000, 0x0000000085000000| Untracked 
|  80|0x0000000085000000, 0x0000000085100000, 0x0000000085100000|100%| O|  |TAMS 0x0000000085100000, 0x0000000085100000| Untracked 
|  81|0x0000000085100000, 0x0000000085200000, 0x0000000085200000|100%| O|  |TAMS 0x0000000085200000, 0x0000000085200000| Untracked 
|  82|0x0000000085200000, 0x0000000085300000, 0x0000000085300000|100%| O|  |TAMS 0x0000000085300000, 0x0000000085300000| Untracked 
|  83|0x0000000085300000, 0x0000000085400000, 0x0000000085400000|100%| O|  |TAMS 0x0000000085400000, 0x0000000085400000| Untracked 
|  84|0x0000000085400000, 0x0000000085500000, 0x0000000085500000|100%| O|  |TAMS 0x0000000085500000, 0x0000000085500000| Untracked 
|  85|0x0000000085500000, 0x0000000085600000, 0x0000000085600000|100%| O|  |TAMS 0x0000000085600000, 0x0000000085600000| Untracked 
|  86|0x0000000085600000, 0x0000000085700000, 0x0000000085700000|100%| O|  |TAMS 0x0000000085700000, 0x0000000085700000| Untracked 
|  87|0x0000000085700000, 0x0000000085800000, 0x0000000085800000|100%| O|  |TAMS 0x0000000085800000, 0x0000000085800000| Untracked 
|  88|0x0000000085800000, 0x0000000085900000, 0x0000000085900000|100%| O|  |TAMS 0x0000000085900000, 0x0000000085900000| Untracked 
|  89|0x0000000085900000, 0x0000000085a00000, 0x0000000085a00000|100%| O|  |TAMS 0x0000000085a00000, 0x0000000085a00000| Untracked 
|  90|0x0000000085a00000, 0x0000000085b00000, 0x0000000085b00000|100%| O|  |TAMS 0x0000000085b00000, 0x0000000085b00000| Untracked 
|  91|0x0000000085b00000, 0x0000000085c00000, 0x0000000085c00000|100%| O|  |TAMS 0x0000000085c00000, 0x0000000085c00000| Untracked 
|  92|0x0000000085c00000, 0x0000000085d00000, 0x0000000085d00000|100%| O|  |TAMS 0x0000000085d00000, 0x0000000085d00000| Untracked 
|  93|0x0000000085d00000, 0x0000000085e00000, 0x0000000085e00000|100%| O|  |TAMS 0x0000000085e00000, 0x0000000085e00000| Untracked 
|  94|0x0000000085e00000, 0x0000000085f00000, 0x0000000085f00000|100%| O|  |TAMS 0x0000000085f00000, 0x0000000085f00000| Untracked 
|  95|0x0000000085f00000, 0x0000000086000000, 0x0000000086000000|100%| O|  |TAMS 0x0000000086000000, 0x0000000086000000| Untracked 
|  96|0x0000000086000000, 0x0000000086100000, 0x0000000086100000|100%| O|  |TAMS 0x0000000086100000, 0x0000000086100000| Untracked 
|  97|0x0000000086100000, 0x0000000086200000, 0x0000000086200000|100%| O|  |TAMS 0x0000000086200000, 0x0000000086200000| Untracked 
|  98|0x0000000086200000, 0x0000000086300000, 0x0000000086300000|100%| O|  |TAMS 0x0000000086300000, 0x0000000086300000| Untracked 
|  99|0x0000000086300000, 0x0000000086400000, 0x0000000086400000|100%| O|  |TAMS 0x0000000086400000, 0x0000000086400000| Untracked 
| 100|0x0000000086400000, 0x0000000086500000, 0x0000000086500000|100%|HS|  |TAMS 0x0000000086500000, 0x0000000086500000| Complete 
| 101|0x0000000086500000, 0x0000000086600000, 0x0000000086600000|100%|HS|  |TAMS 0x0000000086600000, 0x0000000086600000| Complete 
| 102|0x0000000086600000, 0x0000000086700000, 0x0000000086700000|100%|HS|  |TAMS 0x0000000086700000, 0x0000000086700000| Complete 
| 103|0x0000000086700000, 0x0000000086800000, 0x0000000086800000|100%|HC|  |TAMS 0x0000000086800000, 0x0000000086800000| Complete 
| 104|0x0000000086800000, 0x0000000086900000, 0x0000000086900000|100%| O|  |TAMS 0x0000000086900000, 0x0000000086900000| Untracked 
| 105|0x0000000086900000, 0x0000000086a00000, 0x0000000086a00000|100%| O|  |TAMS 0x0000000086900000, 0x0000000086a00000| Untracked 
| 106|0x0000000086a00000, 0x0000000086b00000, 0x0000000086b00000|100%| O|  |TAMS 0x0000000086b00000, 0x0000000086b00000| Untracked 
| 107|0x0000000086b00000, 0x0000000086c00000, 0x0000000086c00000|100%| O|  |TAMS 0x0000000086c00000, 0x0000000086c00000| Untracked 
| 108|0x0000000086c00000, 0x0000000086d00000, 0x0000000086d00000|100%| O|  |TAMS 0x0000000086d00000, 0x0000000086d00000| Untracked 
| 109|0x0000000086d00000, 0x0000000086e00000, 0x0000000086e00000|100%| O|  |TAMS 0x0000000086e00000, 0x0000000086e00000| Untracked 
| 110|0x0000000086e00000, 0x0000000086f00000, 0x0000000086f00000|100%| O|  |TAMS 0x0000000086f00000, 0x0000000086f00000| Untracked 
| 111|0x0000000086f00000, 0x0000000087000000, 0x0000000087000000|100%| O|  |TAMS 0x0000000087000000, 0x0000000087000000| Untracked 
| 112|0x0000000087000000, 0x0000000087100000, 0x0000000087100000|100%| O|  |TAMS 0x0000000087100000, 0x0000000087100000| Untracked 
| 113|0x0000000087100000, 0x0000000087200000, 0x0000000087200000|100%| O|  |TAMS 0x0000000087200000, 0x0000000087200000| Untracked 
| 114|0x0000000087200000, 0x0000000087300000, 0x0000000087300000|100%|HS|  |TAMS 0x0000000087300000, 0x0000000087300000| Complete 
| 115|0x0000000087300000, 0x0000000087400000, 0x0000000087400000|100%|HS|  |TAMS 0x0000000087400000, 0x0000000087400000| Complete 
| 116|0x0000000087400000, 0x0000000087500000, 0x0000000087500000|100%| O|  |TAMS 0x0000000087500000, 0x0000000087500000| Untracked 
| 117|0x0000000087500000, 0x0000000087600000, 0x0000000087600000|100%| O|  |TAMS 0x0000000087600000, 0x0000000087600000| Untracked 
| 118|0x0000000087600000, 0x0000000087700000, 0x0000000087700000|100%| O|  |TAMS 0x0000000087700000, 0x0000000087700000| Untracked 
| 119|0x0000000087700000, 0x0000000087800000, 0x0000000087800000|100%| O|  |TAMS 0x0000000087800000, 0x0000000087800000| Untracked 
| 120|0x0000000087800000, 0x0000000087900000, 0x0000000087900000|100%| O|  |TAMS 0x0000000087900000, 0x0000000087900000| Untracked 
| 121|0x0000000087900000, 0x0000000087a00000, 0x0000000087a00000|100%| O|  |TAMS 0x0000000087a00000, 0x0000000087a00000| Untracked 
| 122|0x0000000087a00000, 0x0000000087b00000, 0x0000000087b00000|100%| O|  |TAMS 0x0000000087b00000, 0x0000000087b00000| Untracked 
| 123|0x0000000087b00000, 0x0000000087c00000, 0x0000000087c00000|100%| O|  |TAMS 0x0000000087c00000, 0x0000000087c00000| Untracked 
| 124|0x0000000087c00000, 0x0000000087d00000, 0x0000000087d00000|100%| O|  |TAMS 0x0000000087d00000, 0x0000000087d00000| Untracked 
| 125|0x0000000087d00000, 0x0000000087e00000, 0x0000000087e00000|100%| O|  |TAMS 0x0000000087dac200, 0x0000000087e00000| Untracked 
| 126|0x0000000087e00000, 0x0000000087f00000, 0x0000000087f00000|100%| O|  |TAMS 0x0000000087e00000, 0x0000000087f00000| Untracked 
| 127|0x0000000087f00000, 0x0000000088000000, 0x0000000088000000|100%| O|  |TAMS 0x0000000087f00000, 0x0000000088000000| Untracked 
| 128|0x0000000088000000, 0x0000000088100000, 0x0000000088100000|100%| O|  |TAMS 0x0000000088000000, 0x0000000088100000| Untracked 
| 129|0x0000000088100000, 0x0000000088200000, 0x0000000088200000|100%| O|  |TAMS 0x0000000088100000, 0x0000000088200000| Untracked 
| 130|0x0000000088200000, 0x0000000088300000, 0x0000000088300000|100%| O|  |TAMS 0x0000000088200000, 0x0000000088300000| Untracked 
| 131|0x0000000088300000, 0x0000000088400000, 0x0000000088400000|100%| O|  |TAMS 0x0000000088300000, 0x0000000088400000| Untracked 
| 132|0x0000000088400000, 0x0000000088500000, 0x0000000088500000|100%| O|  |TAMS 0x0000000088400000, 0x0000000088500000| Untracked 
| 133|0x0000000088500000, 0x0000000088600000, 0x0000000088600000|100%| O|  |TAMS 0x0000000088500000, 0x0000000088600000| Untracked 
| 134|0x0000000088600000, 0x0000000088700000, 0x0000000088700000|100%| O|  |TAMS 0x0000000088600000, 0x0000000088700000| Untracked 
| 135|0x0000000088700000, 0x0000000088800000, 0x0000000088800000|100%| O|  |TAMS 0x0000000088700000, 0x0000000088800000| Untracked 
| 136|0x0000000088800000, 0x0000000088900000, 0x0000000088900000|100%| O|  |TAMS 0x0000000088800000, 0x0000000088900000| Untracked 
| 137|0x0000000088900000, 0x0000000088a00000, 0x0000000088a00000|100%| O|  |TAMS 0x0000000088900000, 0x0000000088a00000| Untracked 
| 138|0x0000000088a00000, 0x0000000088b00000, 0x0000000088b00000|100%| O|  |TAMS 0x0000000088a00000, 0x0000000088b00000| Untracked 
| 139|0x0000000088b00000, 0x0000000088c00000, 0x0000000088c00000|100%| O|  |TAMS 0x0000000088b00000, 0x0000000088c00000| Untracked 
| 140|0x0000000088c00000, 0x0000000088d00000, 0x0000000088d00000|100%| O|  |TAMS 0x0000000088c00000, 0x0000000088d00000| Untracked 
| 141|0x0000000088d00000, 0x0000000088e00000, 0x0000000088e00000|100%| O|  |TAMS 0x0000000088d00000, 0x0000000088e00000| Untracked 
| 142|0x0000000088e00000, 0x0000000088f00000, 0x0000000088f00000|100%| O|  |TAMS 0x0000000088e00000, 0x0000000088f00000| Untracked 
| 143|0x0000000088f00000, 0x0000000089000000, 0x0000000089000000|100%| O|  |TAMS 0x0000000088f00000, 0x0000000089000000| Untracked 
| 144|0x0000000089000000, 0x0000000089100000, 0x0000000089100000|100%| O|  |TAMS 0x0000000089000000, 0x0000000089100000| Untracked 
| 145|0x0000000089100000, 0x0000000089200000, 0x0000000089200000|100%| O|  |TAMS 0x0000000089100000, 0x0000000089200000| Untracked 
| 146|0x0000000089200000, 0x0000000089300000, 0x0000000089300000|100%|HS|  |TAMS 0x0000000089200000, 0x0000000089300000| Complete 
| 147|0x0000000089300000, 0x0000000089400000, 0x0000000089400000|100%| O|  |TAMS 0x0000000089300000, 0x0000000089400000| Untracked 
| 148|0x0000000089400000, 0x0000000089500000, 0x0000000089500000|100%| O|  |TAMS 0x0000000089400000, 0x0000000089500000| Untracked 
| 149|0x0000000089500000, 0x0000000089600000, 0x0000000089600000|100%| O|  |TAMS 0x0000000089500000, 0x0000000089600000| Untracked 
| 150|0x0000000089600000, 0x0000000089700000, 0x0000000089700000|100%| O|  |TAMS 0x0000000089600000, 0x0000000089700000| Untracked 
| 151|0x0000000089700000, 0x0000000089800000, 0x0000000089800000|100%| O|  |TAMS 0x0000000089700000, 0x0000000089800000| Untracked 
| 152|0x0000000089800000, 0x0000000089900000, 0x0000000089900000|100%| O|  |TAMS 0x0000000089800000, 0x0000000089900000| Untracked 
| 153|0x0000000089900000, 0x0000000089a00000, 0x0000000089a00000|100%| O|  |TAMS 0x0000000089900000, 0x0000000089a00000| Untracked 
| 154|0x0000000089a00000, 0x0000000089b00000, 0x0000000089b00000|100%| O|  |TAMS 0x0000000089a00000, 0x0000000089b00000| Untracked 
| 155|0x0000000089b00000, 0x0000000089c00000, 0x0000000089c00000|100%| O|  |TAMS 0x0000000089b00000, 0x0000000089c00000| Untracked 
| 156|0x0000000089c00000, 0x0000000089d00000, 0x0000000089d00000|100%| O|  |TAMS 0x0000000089c00000, 0x0000000089d00000| Untracked 
| 157|0x0000000089d00000, 0x0000000089e00000, 0x0000000089e00000|100%| O|  |TAMS 0x0000000089d00000, 0x0000000089e00000| Untracked 
| 158|0x0000000089e00000, 0x0000000089f00000, 0x0000000089f00000|100%| O|  |TAMS 0x0000000089e00000, 0x0000000089f00000| Untracked 
| 159|0x0000000089f00000, 0x000000008a000000, 0x000000008a000000|100%| O|  |TAMS 0x0000000089f00000, 0x000000008a000000| Untracked 
| 160|0x000000008a000000, 0x000000008a100000, 0x000000008a100000|100%| O|  |TAMS 0x000000008a000000, 0x000000008a100000| Untracked 
| 161|0x000000008a100000, 0x000000008a200000, 0x000000008a200000|100%| O|  |TAMS 0x000000008a100000, 0x000000008a200000| Untracked 
| 162|0x000000008a200000, 0x000000008a300000, 0x000000008a300000|100%| O|  |TAMS 0x000000008a200000, 0x000000008a300000| Untracked 
| 163|0x000000008a300000, 0x000000008a400000, 0x000000008a400000|100%| O|  |TAMS 0x000000008a300000, 0x000000008a400000| Untracked 
| 164|0x000000008a400000, 0x000000008a500000, 0x000000008a500000|100%| O|  |TAMS 0x000000008a400000, 0x000000008a500000| Untracked 
| 165|0x000000008a500000, 0x000000008a600000, 0x000000008a600000|100%| O|  |TAMS 0x000000008a500000, 0x000000008a600000| Untracked 
| 166|0x000000008a600000, 0x000000008a700000, 0x000000008a700000|100%| O|  |TAMS 0x000000008a600000, 0x000000008a700000| Untracked 
| 167|0x000000008a700000, 0x000000008a800000, 0x000000008a800000|100%| O|  |TAMS 0x000000008a700000, 0x000000008a800000| Untracked 
| 168|0x000000008a800000, 0x000000008a900000, 0x000000008a900000|100%| O|  |TAMS 0x000000008a800000, 0x000000008a900000| Untracked 
| 169|0x000000008a900000, 0x000000008aa00000, 0x000000008aa00000|100%| O|  |TAMS 0x000000008a900000, 0x000000008aa00000| Untracked 
| 170|0x000000008aa00000, 0x000000008ab00000, 0x000000008ab00000|100%| O|  |TAMS 0x000000008aa00000, 0x000000008ab00000| Untracked 
| 171|0x000000008ab00000, 0x000000008ac00000, 0x000000008ac00000|100%| O|  |TAMS 0x000000008ab00000, 0x000000008ac00000| Untracked 
| 172|0x000000008ac00000, 0x000000008ad00000, 0x000000008ad00000|100%| O|  |TAMS 0x000000008ac00000, 0x000000008ad00000| Untracked 
| 173|0x000000008ad00000, 0x000000008ae00000, 0x000000008ae00000|100%| O|  |TAMS 0x000000008ad00000, 0x000000008ae00000| Untracked 
| 174|0x000000008ae00000, 0x000000008af00000, 0x000000008af00000|100%| O|  |TAMS 0x000000008ae00000, 0x000000008af00000| Untracked 
| 175|0x000000008af00000, 0x000000008b000000, 0x000000008b000000|100%| O|  |TAMS 0x000000008af00000, 0x000000008b000000| Untracked 
| 176|0x000000008b000000, 0x000000008b100000, 0x000000008b100000|100%| O|  |TAMS 0x000000008b000000, 0x000000008b100000| Untracked 
| 177|0x000000008b100000, 0x000000008b200000, 0x000000008b200000|100%| O|  |TAMS 0x000000008b100000, 0x000000008b200000| Untracked 
| 178|0x000000008b200000, 0x000000008b300000, 0x000000008b300000|100%| O|  |TAMS 0x000000008b200000, 0x000000008b300000| Untracked 
| 179|0x000000008b300000, 0x000000008b400000, 0x000000008b400000|100%| O|  |TAMS 0x000000008b300000, 0x000000008b400000| Untracked 
| 180|0x000000008b400000, 0x000000008b500000, 0x000000008b500000|100%| O|  |TAMS 0x000000008b400000, 0x000000008b500000| Untracked 
| 181|0x000000008b500000, 0x000000008b600000, 0x000000008b600000|100%| O|  |TAMS 0x000000008b500000, 0x000000008b600000| Untracked 
| 182|0x000000008b600000, 0x000000008b700000, 0x000000008b700000|100%| O|  |TAMS 0x000000008b600000, 0x000000008b700000| Untracked 
| 183|0x000000008b700000, 0x000000008b800000, 0x000000008b800000|100%| O|  |TAMS 0x000000008b700000, 0x000000008b800000| Untracked 
| 184|0x000000008b800000, 0x000000008b900000, 0x000000008b900000|100%| O|  |TAMS 0x000000008b800000, 0x000000008b900000| Untracked 
| 185|0x000000008b900000, 0x000000008ba00000, 0x000000008ba00000|100%| O|  |TAMS 0x000000008b900000, 0x000000008ba00000| Untracked 
| 186|0x000000008ba00000, 0x000000008baa5200, 0x000000008bb00000| 64%| O|  |TAMS 0x000000008ba00000, 0x000000008baa5200| Untracked 
| 187|0x000000008bb00000, 0x000000008bb00000, 0x000000008bc00000|  0%| F|  |TAMS 0x000000008bb00000, 0x000000008bb00000| Untracked 
| 188|0x000000008bc00000, 0x000000008bc00000, 0x000000008bd00000|  0%| F|  |TAMS 0x000000008bc00000, 0x000000008bc00000| Untracked 
| 189|0x000000008bd00000, 0x000000008bd00000, 0x000000008be00000|  0%| F|  |TAMS 0x000000008bd00000, 0x000000008bd00000| Untracked 
| 190|0x000000008be00000, 0x000000008be00000, 0x000000008bf00000|  0%| F|  |TAMS 0x000000008be00000, 0x000000008be00000| Untracked 
| 191|0x000000008bf00000, 0x000000008bf00000, 0x000000008c000000|  0%| F|  |TAMS 0x000000008bf00000, 0x000000008bf00000| Untracked 
| 192|0x000000008c000000, 0x000000008c000000, 0x000000008c100000|  0%| F|  |TAMS 0x000000008c000000, 0x000000008c000000| Untracked 
| 193|0x000000008c100000, 0x000000008c100000, 0x000000008c200000|  0%| F|  |TAMS 0x000000008c100000, 0x000000008c100000| Untracked 
| 194|0x000000008c200000, 0x000000008c200000, 0x000000008c300000|  0%| F|  |TAMS 0x000000008c200000, 0x000000008c200000| Untracked 
| 195|0x000000008c300000, 0x000000008c300000, 0x000000008c400000|  0%| F|  |TAMS 0x000000008c300000, 0x000000008c300000| Untracked 
| 196|0x000000008c400000, 0x000000008c400000, 0x000000008c500000|  0%| F|  |TAMS 0x000000008c400000, 0x000000008c400000| Untracked 
| 197|0x000000008c500000, 0x000000008c500000, 0x000000008c600000|  0%| F|  |TAMS 0x000000008c500000, 0x000000008c500000| Untracked 
| 198|0x000000008c600000, 0x000000008c600000, 0x000000008c700000|  0%| F|  |TAMS 0x000000008c600000, 0x000000008c600000| Untracked 
| 199|0x000000008c700000, 0x000000008c700000, 0x000000008c800000|  0%| F|  |TAMS 0x000000008c700000, 0x000000008c700000| Untracked 
| 200|0x000000008c800000, 0x000000008c800000, 0x000000008c900000|  0%| F|  |TAMS 0x000000008c800000, 0x000000008c800000| Untracked 
| 201|0x000000008c900000, 0x000000008c900000, 0x000000008ca00000|  0%| F|  |TAMS 0x000000008c900000, 0x000000008c900000| Untracked 
| 202|0x000000008ca00000, 0x000000008ca00000, 0x000000008cb00000|  0%| F|  |TAMS 0x000000008ca00000, 0x000000008ca00000| Untracked 
| 203|0x000000008cb00000, 0x000000008cb00000, 0x000000008cc00000|  0%| F|  |TAMS 0x000000008cb00000, 0x000000008cb00000| Untracked 
| 204|0x000000008cc00000, 0x000000008cc00000, 0x000000008cd00000|  0%| F|  |TAMS 0x000000008cc00000, 0x000000008cc00000| Untracked 
| 205|0x000000008cd00000, 0x000000008cda23a8, 0x000000008ce00000| 63%| S|CS|TAMS 0x000000008cd00000, 0x000000008cd00000| Complete 
| 206|0x000000008ce00000, 0x000000008cf00000, 0x000000008cf00000|100%| S|CS|TAMS 0x000000008ce00000, 0x000000008ce00000| Complete 
| 207|0x000000008cf00000, 0x000000008cf00000, 0x000000008d000000|  0%| F|  |TAMS 0x000000008cf00000, 0x000000008cf00000| Untracked 
| 208|0x000000008d000000, 0x000000008d000000, 0x000000008d100000|  0%| F|  |TAMS 0x000000008d000000, 0x000000008d000000| Untracked 
| 209|0x000000008d100000, 0x000000008d100000, 0x000000008d200000|  0%| F|  |TAMS 0x000000008d100000, 0x000000008d100000| Untracked 
| 210|0x000000008d200000, 0x000000008d200000, 0x000000008d300000|  0%| F|  |TAMS 0x000000008d200000, 0x000000008d200000| Untracked 
| 211|0x000000008d300000, 0x000000008d3c6af0, 0x000000008d400000| 77%| E|  |TAMS 0x000000008d300000, 0x000000008d300000| Complete 
| 212|0x000000008d400000, 0x000000008d500000, 0x000000008d500000|100%| E|CS|TAMS 0x000000008d400000, 0x000000008d400000| Complete 
| 213|0x000000008d500000, 0x000000008d600000, 0x000000008d600000|100%| E|CS|TAMS 0x000000008d500000, 0x000000008d500000| Complete 
| 255|0x000000008ff00000, 0x0000000090000000, 0x0000000090000000|100%| E|CS|TAMS 0x000000008ff00000, 0x000000008ff00000| Complete 

Card table byte_map: [0x00000253f0440000,0x00000253f0840000] _byte_map_base: 0x00000253f0040000

Marking Bits (Prev, Next): (CMBitMap*) 0x00000253d779bae0, (CMBitMap*) 0x00000253d779baa0
 Prev Bits: [0x00000253f2c40000, 0x00000253f4c40000)
 Next Bits: [0x00000253f0c40000, 0x00000253f2c40000)

Polling page: 0x00000253d77f0000

Metaspace:

Usage:
  Non-class:     94.20 MB used.
      Class:     15.01 MB used.
       Both:    109.21 MB used.

Virtual space:
  Non-class space:      128.00 MB reserved,      94.75 MB ( 74%) committed,  2 nodes.
      Class space:      416.00 MB reserved,      15.50 MB (  4%) committed,  1 nodes.
             Both:      544.00 MB reserved,     110.25 MB ( 20%) committed. 

Chunk freelists:
   Non-Class:  640.00 KB
       Class:  523.00 KB
        Both:  1.14 MB

MaxMetaspaceSize: 512.00 MB
CompressedClassSpaceSize: 416.00 MB
Initial GC threshold: 21.00 MB
Current GC threshold: 159.62 MB
CDS: on
MetaspaceReclaimPolicy: balanced
 - commit_granule_bytes: 65536.
 - commit_granule_words: 8192.
 - virtual_space_node_default_size: 8388608.
 - enlarge_chunks_in_place: 1.
 - new_chunks_are_fully_committed: 0.
 - uncommit_free_chunks: 1.
 - use_allocation_guard: 0.
 - handle_deallocations: 1.


Internal statistics:

num_allocs_failed_limit: 6.
num_arena_births: 1430.
num_arena_deaths: 0.
num_vsnodes_births: 3.
num_vsnodes_deaths: 0.
num_space_committed: 1763.
num_space_uncommitted: 0.
num_chunks_returned_to_freelist: 6.
num_chunks_taken_from_freelist: 6270.
num_chunk_merges: 6.
num_chunk_splits: 4028.
num_chunks_enlarged: 2568.
num_inconsistent_stats: 0.

CodeHeap 'non-profiled nmethods': size=120000Kb used=10760Kb max_used=10760Kb free=109239Kb
 bounds [0x00000253e84f0000, 0x00000253e8f80000, 0x00000253efa20000]
CodeHeap 'profiled nmethods': size=120000Kb used=28403Kb max_used=28414Kb free=91597Kb
 bounds [0x00000253e0a20000, 0x00000253e25e0000, 0x00000253e7f50000]
CodeHeap 'non-nmethods': size=5760Kb used=2457Kb max_used=2552Kb free=3302Kb
 bounds [0x00000253e7f50000, 0x00000253e81f0000, 0x00000253e84f0000]
 total_blobs=15130 nmethods=14129 adapters=913
 compilation: enabled
              stopped_count=0, restarted_count=0
 full_count=0

Compilation events (20 events):
Event: 195.086 Thread 0x00000253f72c3a90 nmethod 16282 0x00000253e25df290 code [0x00000253e25df480, 0x00000253e25df9b8]
Event: 195.105 Thread 0x00000253f72c2fe0 nmethod 16271 0x00000253e8f5a510 code [0x00000253e8f5aa20, 0x00000253e8f61038]
Event: 195.108 Thread 0x00000253f72c2fe0 16283       4       java.util.concurrent.ArrayBlockingQueue::enqueue (53 bytes)
Event: 195.124 Thread 0x00000253f72c2fe0 nmethod 16283 0x00000253e8f64110 code [0x00000253e8f642c0, 0x00000253e8f64c08]
Event: 195.134 Thread 0x00000253f72c2fe0 16284       4       java.util.concurrent.ArrayBlockingQueue::dequeue (75 bytes)
Event: 195.141 Thread 0x000002539c33a060 16285   !   4       java.util.concurrent.ArrayBlockingQueue::poll (83 bytes)
Event: 195.153 Thread 0x00000253f72c2fe0 nmethod 16284 0x00000253e8f64f90 code [0x00000253e8f65140, 0x00000253e8f65a68]
Event: 195.153 Thread 0x00000253f72c2fe0 16286   !   4       org.gradle.cache.internal.ExclusiveCacheAccessingWorker::addToQueue (37 bytes)
Event: 195.201 Thread 0x000002539c33a060 nmethod 16285 0x00000253e8f65e10 code [0x00000253e8f66060, 0x00000253e8f676e0]
Event: 195.210 Thread 0x00000253f72c2fe0 nmethod 16286 0x00000253e8f68390 code [0x00000253e8f685c0, 0x00000253e8f69b90]
Event: 195.211 Thread 0x00000253f72c2fe0 16287       4       org.gradle.cache.internal.btree.BTreePersistentIndexedCache$IndexBlock::find (18 bytes)
Event: 195.213 Thread 0x000002539c33a060 16288   !   4       org.gradle.cache.internal.DefaultMultiProcessSafeIndexedCache::getIfPresent (25 bytes)
Event: 195.215 Thread 0x00000253f72c2fe0 nmethod 16287 0x00000253e8f6a590 code [0x00000253e8f6a740, 0x00000253e8f6a938]
Event: 195.217 Thread 0x00000253f72c2fe0 16289       4       org.gradle.cache.internal.btree.BTreePersistentIndexedCache$IndexBlock::get (38 bytes)
Event: 195.223 Thread 0x00000253f72c2fe0 nmethod 16289 0x00000253e8f6ac10 code [0x00000253e8f6ade0, 0x00000253e8f6b0e8]
Event: 195.295 Thread 0x00000253f72c2fe0 16290       4       java.util.concurrent.FutureTask::finishCompletion (71 bytes)
Event: 195.299 Thread 0x00000253f72c2fe0 nmethod 16290 0x00000253e8f6b590 code [0x00000253e8f6b720, 0x00000253e8f6b968]
Event: 195.304 Thread 0x00000253f72c2fe0 16291       4       org.gradle.internal.time.DefaultTimer::getElapsedMillis (29 bytes)
Event: 195.306 Thread 0x00000253f72c2fe0 nmethod 16291 0x00000253e8f6ba90 code [0x00000253e8f6bc20, 0x00000253e8f6bdd8]
Event: 195.313 Thread 0x00000253f72c2fe0 16292       4       sun.nio.fs.WindowsPath::getFileName (87 bytes)

GC Heap History (20 events):
Event: 191.923 GC heap before
{Heap before GC invocations=90 (full 0):
 garbage-first heap   total 220160K, used 193576K [0x0000000080000000, 0x0000000100000000)
  region size 1024K, 10 young (10240K), 2 survivors (2048K)
 Metaspace       used 110927K, committed 112064K, reserved 557056K
  class space    used 15270K, committed 15808K, reserved 425984K
}
Event: 191.927 GC heap after
{Heap after GC invocations=91 (full 0):
 garbage-first heap   total 220160K, used 186280K [0x0000000080000000, 0x0000000100000000)
  region size 1024K, 1 young (1024K), 1 survivors (1024K)
 Metaspace       used 110927K, committed 112064K, reserved 557056K
  class space    used 15270K, committed 15808K, reserved 425984K
}
Event: 192.605 GC heap before
{Heap before GC invocations=91 (full 0):
 garbage-first heap   total 220160K, used 194472K [0x0000000080000000, 0x0000000100000000)
  region size 1024K, 10 young (10240K), 1 survivors (1024K)
 Metaspace       used 111018K, committed 112128K, reserved 557056K
  class space    used 15274K, committed 15808K, reserved 425984K
}
Event: 192.609 GC heap after
{Heap after GC invocations=92 (full 0):
 garbage-first heap   total 220160K, used 186847K [0x0000000080000000, 0x0000000100000000)
  region size 1024K, 2 young (2048K), 2 survivors (2048K)
 Metaspace       used 111018K, committed 112128K, reserved 557056K
  class space    used 15274K, committed 15808K, reserved 425984K
}
Event: 192.843 GC heap before
{Heap before GC invocations=92 (full 0):
 garbage-first heap   total 220160K, used 194015K [0x0000000080000000, 0x0000000100000000)
  region size 1024K, 10 young (10240K), 2 survivors (2048K)
 Metaspace       used 111097K, committed 112192K, reserved 557056K
  class space    used 15274K, committed 15808K, reserved 425984K
}
Event: 192.846 GC heap after
{Heap after GC invocations=93 (full 0):
 garbage-first heap   total 220160K, used 187378K [0x0000000080000000, 0x0000000100000000)
  region size 1024K, 2 young (2048K), 2 survivors (2048K)
 Metaspace       used 111097K, committed 112192K, reserved 557056K
  class space    used 15274K, committed 15808K, reserved 425984K
}
Event: 193.039 GC heap before
{Heap before GC invocations=93 (full 0):
 garbage-first heap   total 220160K, used 194546K [0x0000000080000000, 0x0000000100000000)
  region size 1024K, 10 young (10240K), 2 survivors (2048K)
 Metaspace       used 111202K, committed 112256K, reserved 557056K
  class space    used 15280K, committed 15808K, reserved 425984K
}
Event: 193.043 GC heap after
{Heap after GC invocations=94 (full 0):
 garbage-first heap   total 220160K, used 187661K [0x0000000080000000, 0x0000000100000000)
  region size 1024K, 1 young (1024K), 1 survivors (1024K)
 Metaspace       used 111202K, committed 112256K, reserved 557056K
  class space    used 15280K, committed 15808K, reserved 425984K
}
Event: 193.323 GC heap before
{Heap before GC invocations=94 (full 0):
 garbage-first heap   total 220160K, used 195853K [0x0000000080000000, 0x0000000100000000)
  region size 1024K, 10 young (10240K), 1 survivors (1024K)
 Metaspace       used 111259K, committed 112320K, reserved 557056K
  class space    used 15280K, committed 15808K, reserved 425984K
}
Event: 193.326 GC heap after
{Heap after GC invocations=95 (full 0):
 garbage-first heap   total 220160K, used 188003K [0x0000000080000000, 0x0000000100000000)
  region size 1024K, 2 young (2048K), 2 survivors (2048K)
 Metaspace       used 111259K, committed 112320K, reserved 557056K
  class space    used 15280K, committed 15808K, reserved 425984K
}
Event: 193.587 GC heap before
{Heap before GC invocations=95 (full 0):
 garbage-first heap   total 220160K, used 196195K [0x0000000080000000, 0x0000000100000000)
  region size 1024K, 10 young (10240K), 2 survivors (2048K)
 Metaspace       used 111295K, committed 112448K, reserved 557056K
  class space    used 15280K, committed 15808K, reserved 425984K
}
Event: 193.591 GC heap after
{Heap after GC invocations=96 (full 0):
 garbage-first heap   total 220160K, used 188299K [0x0000000080000000, 0x0000000100000000)
  region size 1024K, 2 young (2048K), 2 survivors (2048K)
 Metaspace       used 111295K, committed 112448K, reserved 557056K
  class space    used 15280K, committed 15808K, reserved 425984K
}
Event: 193.920 GC heap before
{Heap before GC invocations=96 (full 0):
 garbage-first heap   total 220160K, used 195467K [0x0000000080000000, 0x0000000100000000)
  region size 1024K, 10 young (10240K), 2 survivors (2048K)
 Metaspace       used 111728K, committed 112832K, reserved 557056K
  class space    used 15367K, committed 15872K, reserved 425984K
}
Event: 193.925 GC heap after
{Heap after GC invocations=97 (full 0):
 garbage-first heap   total 220160K, used 188890K [0x0000000080000000, 0x0000000100000000)
  region size 1024K, 2 young (2048K), 2 survivors (2048K)
 Metaspace       used 111728K, committed 112832K, reserved 557056K
  class space    used 15367K, committed 15872K, reserved 425984K
}
Event: 194.194 GC heap before
{Heap before GC invocations=97 (full 0):
 garbage-first heap   total 220160K, used 197082K [0x0000000080000000, 0x0000000100000000)
  region size 1024K, 10 young (10240K), 2 survivors (2048K)
 Metaspace       used 111797K, committed 112896K, reserved 557056K
  class space    used 15371K, committed 15872K, reserved 425984K
}
Event: 194.207 GC heap after
{Heap after GC invocations=98 (full 0):
 garbage-first heap   total 220160K, used 191267K [0x0000000080000000, 0x0000000100000000)
  region size 1024K, 2 young (2048K), 2 survivors (2048K)
 Metaspace       used 111797K, committed 112896K, reserved 557056K
  class space    used 15371K, committed 15872K, reserved 425984K
}
Event: 194.470 GC heap before
{Heap before GC invocations=98 (full 0):
 garbage-first heap   total 220160K, used 198435K [0x0000000080000000, 0x0000000100000000)
  region size 1024K, 10 young (10240K), 2 survivors (2048K)
 Metaspace       used 111819K, committed 112896K, reserved 557056K
  class space    used 15372K, committed 15872K, reserved 425984K
}
Event: 194.476 GC heap after
{Heap after GC invocations=99 (full 0):
 garbage-first heap   total 220160K, used 192234K [0x0000000080000000, 0x0000000100000000)
  region size 1024K, 2 young (2048K), 2 survivors (2048K)
 Metaspace       used 111819K, committed 112896K, reserved 557056K
  class space    used 15372K, committed 15872K, reserved 425984K
}
Event: 194.829 GC heap before
{Heap before GC invocations=99 (full 0):
 garbage-first heap   total 220160K, used 200426K [0x0000000080000000, 0x0000000100000000)
  region size 1024K, 10 young (10240K), 2 survivors (2048K)
 Metaspace       used 111826K, committed 112896K, reserved 557056K
  class space    used 15372K, committed 15872K, reserved 425984K
}
Event: 194.836 GC heap after
{Heap after GC invocations=100 (full 0):
 garbage-first heap   total 220160K, used 192797K [0x0000000080000000, 0x0000000100000000)
  region size 1024K, 2 young (2048K), 2 survivors (2048K)
 Metaspace       used 111826K, committed 112896K, reserved 557056K
  class space    used 15372K, committed 15872K, reserved 425984K
}

Dll operation events (14 events):
Event: 0.018 Loaded shared library C:\Program Files\Microsoft\jdk-17.0.8.7-hotspot\bin\java.dll
Event: 0.049 Loaded shared library C:\Program Files\Microsoft\jdk-17.0.8.7-hotspot\bin\jsvml.dll
Event: 0.160 Loaded shared library C:\Program Files\Microsoft\jdk-17.0.8.7-hotspot\bin\zip.dll
Event: 0.166 Loaded shared library C:\Program Files\Microsoft\jdk-17.0.8.7-hotspot\bin\instrument.dll
Event: 0.172 Loaded shared library C:\Program Files\Microsoft\jdk-17.0.8.7-hotspot\bin\net.dll
Event: 0.174 Loaded shared library C:\Program Files\Microsoft\jdk-17.0.8.7-hotspot\bin\nio.dll
Event: 0.181 Loaded shared library C:\Program Files\Microsoft\jdk-17.0.8.7-hotspot\bin\zip.dll
Event: 0.701 Loaded shared library C:\Program Files\Microsoft\jdk-17.0.8.7-hotspot\bin\jimage.dll
Event: 0.906 Loaded shared library C:\Program Files\Microsoft\jdk-17.0.8.7-hotspot\bin\verify.dll
Event: 1.498 Loaded shared library C:\Users\manel\.gradle\native\68d5fa5c4cc2d200863cafc0d521ce42e7d3e7ee720ec0a83991735586a16f82\windows-amd64\native-platform.dll
Event: 1.525 Loaded shared library C:\Users\manel\.gradle\native\e376f236ea51e6404a007f0833ffe2c6e607c4080706a723a18a27aeea778392\windows-amd64\native-platform-file-events.dll
Event: 3.887 Loaded shared library C:\Program Files\Microsoft\jdk-17.0.8.7-hotspot\bin\management.dll
Event: 3.893 Loaded shared library C:\Program Files\Microsoft\jdk-17.0.8.7-hotspot\bin\management_ext.dll
Event: 5.002 Loaded shared library C:\Program Files\Microsoft\jdk-17.0.8.7-hotspot\bin\sunmscapi.dll

Deoptimization events (20 events):
Event: 193.870 Thread 0x000002539bd51f10 Uncommon trap: trap_request=0xffffffc6 fr.pc=0x00000253e8e998ec relative=0x0000000000000f2c
Event: 193.870 Thread 0x000002539bd51f10 Uncommon trap: reason=bimorphic_or_optimized_type_check action=maybe_recompile pc=0x00000253e8e998ec method=org.gradle.execution.plan.DefaultFinalizedExecutionPlan$1.compare(Lorg/gradle/execution/plan/Node;Lorg/gradle/execution/plan/Node;)I @ 8 c2
Event: 193.870 Thread 0x000002539bd51f10 DEOPT PACKING pc=0x00000253e8e998ec sp=0x0000006f9c8fe900
Event: 193.870 Thread 0x000002539bd51f10 DEOPT UNPACKING pc=0x00000253e7fa69a3 sp=0x0000006f9c8fe8b8 mode 2
Event: 193.871 Thread 0x000002539bd51f10 Uncommon trap: trap_request=0xffffffc6 fr.pc=0x00000253e8eddf48 relative=0x00000000000000a8
Event: 193.871 Thread 0x000002539bd51f10 Uncommon trap: reason=bimorphic_or_optimized_type_check action=maybe_recompile pc=0x00000253e8eddf48 method=org.gradle.execution.plan.ActionNode.hasPendingPreExecutionNodes()Z @ 11 c2
Event: 193.871 Thread 0x000002539bd51f10 DEOPT PACKING pc=0x00000253e8eddf48 sp=0x0000006f9c8fec90
Event: 193.871 Thread 0x000002539bd51f10 DEOPT UNPACKING pc=0x00000253e7fa69a3 sp=0x0000006f9c8fec20 mode 2
Event: 193.968 Thread 0x000002539bd51f10 Uncommon trap: trap_request=0xffffffc6 fr.pc=0x00000253e8eddf48 relative=0x00000000000000a8
Event: 193.968 Thread 0x000002539bd51f10 Uncommon trap: reason=bimorphic_or_optimized_type_check action=maybe_recompile pc=0x00000253e8eddf48 method=org.gradle.execution.plan.ActionNode.hasPendingPreExecutionNodes()Z @ 11 c2
Event: 193.968 Thread 0x000002539bd51f10 DEOPT PACKING pc=0x00000253e8eddf48 sp=0x0000006f9c8fec90
Event: 193.968 Thread 0x000002539bd51f10 DEOPT UNPACKING pc=0x00000253e7fa69a3 sp=0x0000006f9c8fec20 mode 2
Event: 194.001 Thread 0x000002539bd4fba0 Uncommon trap: trap_request=0xffffffc6 fr.pc=0x00000253e8eddf48 relative=0x00000000000000a8
Event: 194.001 Thread 0x000002539bd4fba0 Uncommon trap: reason=bimorphic_or_optimized_type_check action=maybe_recompile pc=0x00000253e8eddf48 method=org.gradle.execution.plan.ActionNode.hasPendingPreExecutionNodes()Z @ 11 c2
Event: 194.001 Thread 0x000002539bd4fba0 DEOPT PACKING pc=0x00000253e8eddf48 sp=0x0000006f9cafec40
Event: 194.001 Thread 0x000002539bd4fba0 DEOPT UNPACKING pc=0x00000253e7fa69a3 sp=0x0000006f9cafebd0 mode 2
Event: 194.482 Thread 0x000002539bd4fba0 Uncommon trap: trap_request=0xfffffff4 fr.pc=0x00000253e8f3a880 relative=0x00000000000000e0
Event: 194.482 Thread 0x000002539bd4fba0 Uncommon trap: reason=null_check action=make_not_entrant pc=0x00000253e8f3a880 method=org.gradle.tooling.internal.provider.runner.ClientBuildEventGenerator$Disabled.accept(Lorg/gradle/internal/operations/BuildOperationDescriptor;)Lorg/gradle/tooling/inter
Event: 194.482 Thread 0x000002539bd4fba0 DEOPT PACKING pc=0x00000253e8f3a880 sp=0x0000006f9cafb4e0
Event: 194.482 Thread 0x000002539bd4fba0 DEOPT UNPACKING pc=0x00000253e7fa69a3 sp=0x0000006f9cafb468 mode 2

Classes unloaded (0 events):
No events

Classes redefined (0 events):
No events

Internal exceptions (20 events):
Event: 175.135 Thread 0x00000253fce42ff0 Exception <a 'java/lang/IncompatibleClassChangeError'{0x000000008d1024a0}: Found class java.lang.Object, but interface was expected> (0x000000008d1024a0) 
thrown [s\src\hotspot\share\interpreter\linkResolver.cpp, line 826]
Event: 175.905 Thread 0x00000253fce42ff0 Exception <a 'sun/nio/fs/WindowsException'{0x000000008c93d7f0}> (0x000000008c93d7f0) 
thrown [s\src\hotspot\share\prims\jni.cpp, line 516]
Event: 175.905 Thread 0x00000253fce42ff0 Exception <a 'sun/nio/fs/WindowsException'{0x000000008c93ed30}> (0x000000008c93ed30) 
thrown [s\src\hotspot\share\prims\jni.cpp, line 516]
Event: 175.906 Thread 0x00000253fce42ff0 Exception <a 'sun/nio/fs/WindowsException'{0x000000008c940318}> (0x000000008c940318) 
thrown [s\src\hotspot\share\prims\jni.cpp, line 516]
Event: 175.906 Thread 0x00000253fce42ff0 Exception <a 'sun/nio/fs/WindowsException'{0x000000008c941900}> (0x000000008c941900) 
thrown [s\src\hotspot\share\prims\jni.cpp, line 516]
Event: 186.771 Thread 0x00000253fce42ff0 Exception <a 'java/lang/NoSuchMethodError'{0x000000008d386b80}: static Lcom/android/build/gradle/internal/profile/ProjectData;.<clinit>()V> (0x000000008d386b80) 
thrown [s\src\hotspot\share\prims\jni.cpp, line 1107]
Event: 186.797 Thread 0x00000253fce42ff0 Exception <a 'java/lang/NoSuchMethodError'{0x000000008d201290}: static Lcom/android/build/gradle/internal/profile/TaskMetadata;.<clinit>()V> (0x000000008d201290) 
thrown [s\src\hotspot\share\prims\jni.cpp, line 1107]
Event: 187.616 Thread 0x00000253fce42ff0 Exception <a 'sun/nio/fs/WindowsException'{0x000000008ff3bd78}> (0x000000008ff3bd78) 
thrown [s\src\hotspot\share\prims\jni.cpp, line 516]
Event: 188.630 Thread 0x000002539bd4fba0 Exception <a 'java/lang/NoSuchMethodError'{0x000000008d3e6340}: 'void java.lang.invoke.DirectMethodHandle$Holder.invokeStatic(java.lang.Object, java.lang.Object, java.lang.Object, java.lang.Object, int, java.lang.Object, java.lang.Object)'> (0x000000008d3e6340) 
thrown [s\src\hotspot\share\interpreter\linkResolver.cpp, line 759]
Event: 188.863 Thread 0x000002539bc0bf90 Exception <a 'java/lang/NoSuchMethodError'{0x000000008d146840}: 'java.lang.Object java.lang.invoke.DirectMethodHandle$Holder.invokeSpecialIFC(java.lang.Object, java.lang.Object, java.lang.Object)'> (0x000000008d146840) 
thrown [s\src\hotspot\share\interpreter\linkResolver.cpp, line 759]
Event: 192.481 Thread 0x000002539bc0bf90 Exception <a 'java/lang/NoSuchMethodError'{0x000000008d3eda08}: 'void java.lang.invoke.DirectMethodHandle$Holder.invokeVirtual(java.lang.Object, java.lang.Object)'> (0x000000008d3eda08) 
thrown [s\src\hotspot\share\interpreter\linkResolver.cpp, line 759]
Event: 192.901 Thread 0x000002539bc0c9b0 Implicit null exception at 0x00000253e8e1e740 to 0x00000253e8e1f2a8
Event: 193.777 Thread 0x000002539bd51f10 Exception <a 'java/lang/ClassNotFoundException'{0x000000008d2bfd28}: groovy/util/FileTreeBuilderBeanInfo> (0x000000008d2bfd28) 
thrown [s\src\hotspot\share\classfile\systemDictionary.cpp, line 256]
Event: 193.779 Thread 0x000002539bd51f10 Exception <a 'java/lang/ClassNotFoundException'{0x000000008d15cda8}: groovy/util/FileTreeBuilderCustomizer> (0x000000008d15cda8) 
thrown [s\src\hotspot\share\classfile\systemDictionary.cpp, line 256]
Event: 193.788 Thread 0x000002539bd51f10 Exception <a 'java/lang/ClassNotFoundException'{0x000000008d1d77b8}: java/io/BufferedWriterBeanInfo> (0x000000008d1d77b8) 
thrown [s\src\hotspot\share\classfile\systemDictionary.cpp, line 256]
Event: 193.788 Thread 0x000002539bd51f10 Exception <a 'java/lang/ClassNotFoundException'{0x000000008d1dcba0}: java/io/WriterBeanInfo> (0x000000008d1dcba0) 
thrown [s\src\hotspot\share\classfile\systemDictionary.cpp, line 256]
Event: 193.788 Thread 0x000002539bd51f10 Exception <a 'java/lang/ClassNotFoundException'{0x000000008d1e58c0}: java/io/WriterCustomizer> (0x000000008d1e58c0) 
thrown [s\src\hotspot\share\classfile\systemDictionary.cpp, line 256]
Event: 193.789 Thread 0x000002539bd51f10 Exception <a 'java/lang/ClassNotFoundException'{0x000000008d1f4df8}: java/io/BufferedWriterCustomizer> (0x000000008d1f4df8) 
thrown [s\src\hotspot\share\classfile\systemDictionary.cpp, line 256]
Event: 193.842 Thread 0x000002539bd51f10 Exception <a 'java/lang/NoSuchMethodError'{0x000000008d0d5ae0}: static Lcom/android/build/api/variant/BuildConfigField;.<clinit>()V> (0x000000008d0d5ae0) 
thrown [s\src\hotspot\share\prims\jni.cpp, line 1107]
Event: 194.482 Thread 0x000002539bd4fba0 Implicit null exception at 0x00000253e8f3a7e0 to 0x00000253e8f3a874

VM Operations (20 events):
Event: 192.605 Executing VM operation: G1CollectForAllocation
Event: 192.610 Executing VM operation: G1CollectForAllocation done
Event: 192.843 Executing VM operation: G1CollectForAllocation
Event: 192.846 Executing VM operation: G1CollectForAllocation done
Event: 193.039 Executing VM operation: G1CollectForAllocation
Event: 193.043 Executing VM operation: G1CollectForAllocation done
Event: 193.323 Executing VM operation: G1CollectForAllocation
Event: 193.327 Executing VM operation: G1CollectForAllocation done
Event: 193.587 Executing VM operation: G1CollectForAllocation
Event: 193.591 Executing VM operation: G1CollectForAllocation done
Event: 193.661 Executing VM operation: HandshakeAllThreads
Event: 193.689 Executing VM operation: HandshakeAllThreads done
Event: 193.920 Executing VM operation: G1CollectForAllocation
Event: 193.925 Executing VM operation: G1CollectForAllocation done
Event: 194.161 Executing VM operation: G1CollectForAllocation
Event: 194.207 Executing VM operation: G1CollectForAllocation done
Event: 194.470 Executing VM operation: G1CollectForAllocation
Event: 194.476 Executing VM operation: G1CollectForAllocation done
Event: 194.829 Executing VM operation: G1CollectForAllocation
Event: 194.836 Executing VM operation: G1CollectForAllocation done

Events (20 events):
Event: 193.227 Thread 0x00000253a160cca0 Thread added: 0x00000253a160cca0
Event: 193.227 Thread 0x00000253a1605830 Thread added: 0x00000253a1605830
Event: 193.284 Thread 0x00000253a1605d40 Thread added: 0x00000253a1605d40
Event: 193.638 Thread 0x00000253a1608fe0 Thread added: 0x00000253a1608fe0
Event: 193.787 loading class java/io/BufferedWriterBeanInfo
Event: 193.787 loading class java/io/BufferedWriterBeanInfo done
Event: 193.788 loading class java/io/BufferedWriterBeanInfo
Event: 193.788 loading class java/io/BufferedWriterBeanInfo done
Event: 193.788 loading class java/io/WriterBeanInfo
Event: 193.788 loading class java/io/WriterBeanInfo done
Event: 193.788 loading class java/io/WriterBeanInfo
Event: 193.788 loading class java/io/WriterBeanInfo done
Event: 193.788 loading class java/io/WriterCustomizer
Event: 193.788 loading class java/io/WriterCustomizer done
Event: 193.788 loading class java/io/WriterCustomizer
Event: 193.788 loading class java/io/WriterCustomizer done
Event: 193.789 loading class java/io/BufferedWriterCustomizer
Event: 193.789 loading class java/io/BufferedWriterCustomizer done
Event: 193.789 loading class java/io/BufferedWriterCustomizer
Event: 193.789 loading class java/io/BufferedWriterCustomizer done


Dynamic libraries:
0x00007ff6021c0000 - 0x00007ff6021ce000 	C:\Program Files\Microsoft\jdk-17.0.8.7-hotspot\bin\java.exe
0x00007fff1dab0000 - 0x00007fff1dcc7000 	C:\Windows\SYSTEM32\ntdll.dll
0x00007fff1c740000 - 0x00007fff1c804000 	C:\Windows\System32\KERNEL32.DLL
0x00007fff1ade0000 - 0x00007fff1b18c000 	C:\Windows\System32\KERNELBASE.dll
0x00007fff1b470000 - 0x00007fff1b581000 	C:\Windows\System32\ucrtbase.dll
0x00007fff167c0000 - 0x00007fff167d7000 	C:\Program Files\Microsoft\jdk-17.0.8.7-hotspot\bin\jli.dll
0x00007fff1d0f0000 - 0x00007fff1d29e000 	C:\Windows\System32\USER32.dll
0x00007fff1b2b0000 - 0x00007fff1b2d6000 	C:\Windows\System32\win32u.dll
0x00007fff1b800000 - 0x00007fff1b829000 	C:\Windows\System32\GDI32.dll
0x00007fff1b190000 - 0x00007fff1b2a9000 	C:\Windows\System32\gdi32full.dll
0x00007fff167a0000 - 0x00007fff167bb000 	C:\Program Files\Microsoft\jdk-17.0.8.7-hotspot\bin\VCRUNTIME140.dll
0x00007fff03cb0000 - 0x00007fff03f43000 	C:\Windows\WinSxS\amd64_microsoft.windows.common-controls_6595b64144ccf1df_6.0.22621.3672_none_2713b9d173822955\COMCTL32.dll
0x00007fff1d840000 - 0x00007fff1d8e7000 	C:\Windows\System32\msvcrt.dll
0x00007fff1b3d0000 - 0x00007fff1b46a000 	C:\Windows\System32\msvcp_win.dll
0x00007fff1c830000 - 0x00007fff1c861000 	C:\Windows\System32\IMM32.DLL
0x00007fff16950000 - 0x00007fff1695c000 	C:\Program Files\Microsoft\jdk-17.0.8.7-hotspot\bin\vcruntime140_1.dll
0x00007fff02980000 - 0x00007fff02a0d000 	C:\Program Files\Microsoft\jdk-17.0.8.7-hotspot\bin\msvcp140.dll
0x00007ffed8a70000 - 0x00007ffed96d5000 	C:\Program Files\Microsoft\jdk-17.0.8.7-hotspot\bin\server\jvm.dll
0x00007fff1d570000 - 0x00007fff1d622000 	C:\Windows\System32\ADVAPI32.dll
0x00007fff1bbc0000 - 0x00007fff1bc6a000 	C:\Windows\System32\sechost.dll
0x00007fff1b2e0000 - 0x00007fff1b308000 	C:\Windows\System32\bcrypt.dll
0x00007fff1d3c0000 - 0x00007fff1d4d5000 	C:\Windows\System32\RPCRT4.dll
0x00007fff19c30000 - 0x00007fff19c7d000 	C:\Windows\SYSTEM32\POWRPROF.dll
0x00007fff16670000 - 0x00007fff16679000 	C:\Windows\SYSTEM32\WSOCK32.dll
0x00007fff1d4f0000 - 0x00007fff1d561000 	C:\Windows\System32\WS2_32.dll
0x00007fff14040000 - 0x00007fff14074000 	C:\Windows\SYSTEM32\WINMM.dll
0x00007fff139a0000 - 0x00007fff139aa000 	C:\Windows\SYSTEM32\VERSION.dll
0x00007fff19c10000 - 0x00007fff19c23000 	C:\Windows\SYSTEM32\UMPDC.dll
0x00007fff19ec0000 - 0x00007fff19ed8000 	C:\Windows\SYSTEM32\kernel.appcore.dll
0x00007fff16660000 - 0x00007fff1666a000 	C:\Program Files\Microsoft\jdk-17.0.8.7-hotspot\bin\jimage.dll
0x00007fff186f0000 - 0x00007fff18922000 	C:\Windows\SYSTEM32\DBGHELP.DLL
0x00007fff1b830000 - 0x00007fff1bbb8000 	C:\Windows\System32\combase.dll
0x00007fff1c9d0000 - 0x00007fff1caa7000 	C:\Windows\System32\OLEAUT32.dll
0x00007ffefba60000 - 0x00007ffefba92000 	C:\Windows\SYSTEM32\dbgcore.DLL
0x00007fff1b770000 - 0x00007fff1b7eb000 	C:\Windows\System32\bcryptPrimitives.dll
0x00007ffeed420000 - 0x00007ffeed42e000 	C:\Program Files\Microsoft\jdk-17.0.8.7-hotspot\bin\instrument.dll
0x00007fff140f0000 - 0x00007fff14115000 	C:\Program Files\Microsoft\jdk-17.0.8.7-hotspot\bin\java.dll
0x00007ffee90c0000 - 0x00007ffee9197000 	C:\Program Files\Microsoft\jdk-17.0.8.7-hotspot\bin\jsvml.dll
0x00007fff1bc80000 - 0x00007fff1c4dc000 	C:\Windows\System32\SHELL32.dll
0x00007fff18cf0000 - 0x00007fff195e7000 	C:\Windows\SYSTEM32\windows.storage.dll
0x00007fff18bb0000 - 0x00007fff18cef000 	C:\Windows\SYSTEM32\wintypes.dll
0x00007fff1d970000 - 0x00007fff1da64000 	C:\Windows\System32\SHCORE.dll
0x00007fff1c4e0000 - 0x00007fff1c53e000 	C:\Windows\System32\shlwapi.dll
0x00007fff1ad10000 - 0x00007fff1ad31000 	C:\Windows\SYSTEM32\profapi.dll
0x00007fff0cac0000 - 0x00007fff0cad8000 	C:\Program Files\Microsoft\jdk-17.0.8.7-hotspot\bin\zip.dll
0x00007fff110b0000 - 0x00007fff110c9000 	C:\Program Files\Microsoft\jdk-17.0.8.7-hotspot\bin\net.dll
0x00007fff13f00000 - 0x00007fff14036000 	C:\Windows\SYSTEM32\WINHTTP.dll
0x00007fff1a320000 - 0x00007fff1a389000 	C:\Windows\system32\mswsock.dll
0x00007fff0cb80000 - 0x00007fff0cb96000 	C:\Program Files\Microsoft\jdk-17.0.8.7-hotspot\bin\nio.dll
0x00007ffef2de0000 - 0x00007ffef2df0000 	C:\Program Files\Microsoft\jdk-17.0.8.7-hotspot\bin\verify.dll
0x00007ffee92b0000 - 0x00007ffee92d7000 	C:\Users\manel\.gradle\native\68d5fa5c4cc2d200863cafc0d521ce42e7d3e7ee720ec0a83991735586a16f82\windows-amd64\native-platform.dll
0x00007ffecf9d0000 - 0x00007ffecfb14000 	C:\Users\manel\.gradle\native\e376f236ea51e6404a007f0833ffe2c6e607c4080706a723a18a27aeea778392\windows-amd64\native-platform-file-events.dll
0x00007fff16650000 - 0x00007fff16659000 	C:\Program Files\Microsoft\jdk-17.0.8.7-hotspot\bin\management.dll
0x00007fff16510000 - 0x00007fff1651b000 	C:\Program Files\Microsoft\jdk-17.0.8.7-hotspot\bin\management_ext.dll
0x00007fff1d4e0000 - 0x00007fff1d4e8000 	C:\Windows\System32\PSAPI.DLL
0x00007fff1a670000 - 0x00007fff1a68b000 	C:\Windows\SYSTEM32\CRYPTSP.dll
0x00007fff19e20000 - 0x00007fff19e55000 	C:\Windows\system32\rsaenh.dll
0x00007fff1a3c0000 - 0x00007fff1a3e8000 	C:\Windows\SYSTEM32\USERENV.dll
0x00007fff1a650000 - 0x00007fff1a65c000 	C:\Windows\SYSTEM32\CRYPTBASE.dll
0x00007fff198c0000 - 0x00007fff198ed000 	C:\Windows\SYSTEM32\IPHLPAPI.DLL
0x00007fff1b7f0000 - 0x00007fff1b7f9000 	C:\Windows\System32\NSI.dll
0x00007fff13d90000 - 0x00007fff13da9000 	C:\Windows\SYSTEM32\dhcpcsvc6.DLL
0x00007fff13d70000 - 0x00007fff13d8f000 	C:\Windows\SYSTEM32\dhcpcsvc.DLL
0x00007fff19930000 - 0x00007fff19a28000 	C:\Windows\SYSTEM32\DNSAPI.dll
0x00007fff16080000 - 0x00007fff1608e000 	C:\Program Files\Microsoft\jdk-17.0.8.7-hotspot\bin\sunmscapi.dll
0x00007fff1b590000 - 0x00007fff1b6f7000 	C:\Windows\System32\CRYPT32.dll
0x00007fff1a790000 - 0x00007fff1a7be000 	C:\Windows\SYSTEM32\ncrypt.dll
0x00007fff1a750000 - 0x00007fff1a787000 	C:\Windows\SYSTEM32\NTASN1.dll
0x00007ffeed350000 - 0x00007ffeed358000 	C:\Windows\system32\wshunix.dll
0x00007fff12980000 - 0x00007fff1298a000 	C:\Windows\System32\rasadhlp.dll
0x00007fff12f50000 - 0x00007fff12fd3000 	C:\Windows\System32\fwpuclnt.dll
0x00007ffef6c70000 - 0x00007ffef6c87000 	C:\Windows\system32\napinsp.dll
0x00007ffef6bd0000 - 0x00007ffef6beb000 	C:\Windows\system32\pnrpnsp.dll
0x00007ffef6bb0000 - 0x00007ffef6bc1000 	C:\Windows\System32\winrnr.dll
0x00007fff13300000 - 0x00007fff13315000 	C:\Windows\system32\wshbth.dll
0x00007ffef6b80000 - 0x00007ffef6ba7000 	C:\Windows\system32\nlansp_c.dll

dbghelp: loaded successfully - version: 4.0.5 - missing functions: none
symbol engine: initialized successfully - sym options: 0x614 - pdb path: .;C:\Program Files\Microsoft\jdk-17.0.8.7-hotspot\bin;C:\Windows\SYSTEM32;C:\Windows\WinSxS\amd64_microsoft.windows.common-controls_6595b64144ccf1df_6.0.22621.3672_none_2713b9d173822955;C:\Program Files\Microsoft\jdk-17.0.8.7-hotspot\bin\server;C:\Users\manel\.gradle\native\68d5fa5c4cc2d200863cafc0d521ce42e7d3e7ee720ec0a83991735586a16f82\windows-amd64;C:\Users\manel\.gradle\native\e376f236ea51e6404a007f0833ffe2c6e607c4080706a723a18a27aeea778392\windows-amd64

VM Arguments:
jvm_args: -XX:MaxMetaspaceSize=512m --add-opens=java.base/java.util=ALL-UNNAMED --add-opens=java.base/java.lang=ALL-UNNAMED --add-opens=java.base/java.lang.invoke=ALL-UNNAMED --add-opens=java.prefs/java.util.prefs=ALL-UNNAMED --add-opens=java.base/java.nio.charset=ALL-UNNAMED --add-opens=java.base/java.net=ALL-UNNAMED --add-opens=java.base/java.util.concurrent.atomic=ALL-UNNAMED -Xmx2048m -Dfile.encoding=windows-1252 -Duser.country=US -Duser.language=en -Duser.variant -javaagent:C:\Users\manel\.gradle\wrapper\dists\gradle-8.3-all\6en3ugtfdg5xnpx44z4qbwgas\gradle-8.3\lib\agents\gradle-instrumentation-agent-8.3.jar 
java_command: org.gradle.launcher.daemon.bootstrap.GradleDaemon 8.3
java_class_path (initial): C:\Users\manel\.gradle\wrapper\dists\gradle-8.3-all\6en3ugtfdg5xnpx44z4qbwgas\gradle-8.3\lib\gradle-launcher-8.3.jar
Launcher Type: SUN_STANDARD

[Global flags]
     intx CICompilerCount                          = 3                                         {product} {ergonomic}
   size_t CompressedClassSpaceSize                 = 436207616                                 {product} {ergonomic}
     uint ConcGCThreads                            = 1                                         {product} {ergonomic}
     uint G1ConcRefinementThreads                  = 4                                         {product} {ergonomic}
   size_t G1HeapRegionSize                         = 1048576                                   {product} {ergonomic}
    uintx GCDrainStackTargetSize                   = 64                                        {product} {ergonomic}
   size_t InitialHeapSize                          = 268435456                                 {product} {ergonomic}
   size_t MarkStackSize                            = 4194304                                   {product} {ergonomic}
   size_t MaxHeapSize                              = 2147483648                                {product} {command line}
   size_t MaxMetaspaceSize                         = 536870912                                 {product} {command line}
   size_t MaxNewSize                               = 1287651328                                {product} {ergonomic}
   size_t MinHeapDeltaBytes                        = 1048576                                   {product} {ergonomic}
   size_t MinHeapSize                              = 8388608                                   {product} {ergonomic}
    uintx NonNMethodCodeHeapSize                   = 5832780                                {pd product} {ergonomic}
    uintx NonProfiledCodeHeapSize                  = 122912730                              {pd product} {ergonomic}
    uintx ProfiledCodeHeapSize                     = 122912730                              {pd product} {ergonomic}
    uintx ReservedCodeCacheSize                    = 251658240                              {pd product} {ergonomic}
     bool SegmentedCodeCache                       = true                                      {product} {ergonomic}
   size_t SoftMaxHeapSize                          = 2147483648                             {manageable} {ergonomic}
     bool UseCompressedClassPointers               = true                           {product lp64_product} {ergonomic}
     bool UseCompressedOops                        = true                           {product lp64_product} {ergonomic}
     bool UseG1GC                                  = true                                      {product} {ergonomic}
     bool UseLargePagesIndividualAllocation        = false                                  {pd product} {ergonomic}

Logging:
Log output configuration:
 #0: stdout all=warning uptime,level,tags
 #1: stderr all=off uptime,level,tags

Environment Variables:
JAVA_HOME=C:\Program Files\Microsoft\jdk-17.0.8.7-hotspot
CLASSPATH=C:\Users\manel\androidApp\BusTracking\android\\gradle\wrapper\gradle-wrapper.jar
PATH=C:\Users\manel\androidApp\BusTracking\node_modules\.bin;C:\Users\manel\androidApp\node_modules\.bin;C:\Users\manel\node_modules\.bin;C:\Users\node_modules\.bin;C:\node_modules\.bin;C:\Program Files\nodejs\node_modules\npm\node_modules\@npmcli\run-script\lib\node-gyp-bin;C:\Program Files\Microsoft\jdk-17.0.8.7-hotspot\bin;C:\Program Files\Microsoft\jdk-11.0.18.10-hotspot\bin;C:\Program Files\Common Files\Oracle\Java\javapath;C:\Windows\system32;C:\Windows;C:\Windows\System32\Wbem;C:\Windows\System32\WindowsPowerShell\v1.0\;C:\Windows\System32\OpenSSH\;D:\Git\cmd;C:\ProgramData\chocolatey\bin;C:\Program Files\nodejs\;C:\Users\manel\AppData\Local\Android\Sdk\platform-tools;C:\Program Files\MongoDB\mongosh-1.10.1-win32-x64\bin;C:\Program Files\MongoDB\Server\6.0\bin;D:\Sdk\tools;C:\Program Files\Microsoft\jdk-17.0.8.7-hotspot\bin;D:\Sdk\tools;C:\Program Files\Microsoft\jdk-17.0.8.7-hotspot\bin;C:\Users\manel\AppData\Local\Microsoft\WindowsApps;C:\Users\manel\AppData\Local\Programs\Microsoft VS Code\bin;C:\Users\manel\AppData\Roaming\npm;D:\Sdk\platform-tools;
USERNAME=manel
LANG=en_US.UTF-8
OS=Windows_NT
PROCESSOR_IDENTIFIER=Intel64 Family 6 Model 142 Stepping 9, GenuineIntel
TMP=C:\Users\manel\AppData\Local\Temp
TEMP=C:\Users\manel\AppData\Local\Temp



---------------  S Y S T E M  ---------------

OS:
 Windows 11 , 64 bit Build 22621 (10.0.22621.3672)
OS uptime: 1 days 21:11 hours
Hyper-V role detected

CPU: total 4 (initial active 4) (2 cores per cpu, 2 threads per core) family 6 model 142 stepping 9 microcode 0xde, cx8, cmov, fxsr, ht, mmx, 3dnowpref, sse, sse2, sse3, ssse3, sse4.1, sse4.2, popcnt, lzcnt, tsc, tscinvbit, avx, avx2, aes, erms, clmul, bmi1, bmi2, adx, fma, vzeroupper, clflush, clflushopt, hv
Processor Information for all 4 processors :
  Max Mhz: 2901, Current Mhz: 2901, Mhz Limit: 2901

Memory: 4k page, system-wide physical 16299M (4385M free)
TotalPageFile size 20139M (AvailPageFile size 7895M)
current process WorkingSet (physical memory assigned to process): 527M, peak: 539M
current process commit charge ("private bytes"): 677M, peak: 677M

vm_info: OpenJDK 64-Bit Server VM (17.0.8+7-LTS) for windows-amd64 JRE (17.0.8+7-LTS), built on Jul  7 2023 17:21:55 by "MicrosoftCorporation" with MS VC++ 16.10 / 16.11 (VS2019)

END.
